[0212/140318:VERBOSE2:ipc_channel_win.cc(408)] sent message @04C0E000 on channel @04E9B200 with type 65535
[0212/140318:VERBOSE2:ipc_channel_win.cc(85)] sending message @04EADC00 on channel @04E9B200 with type 196692 (0 in queue)
[0212/140318:VERBOSE2:ipc_channel_win.cc(408)] sent message @04EADC00 on channel @04E9B200 with type 196692
[0212/140324:VERBOSE2:ipc_channel_win.cc(408)] sent message @05391E60 on channel @05B7E600 with type 65535
[0212/140324:VERBOSE2:ipc_channel_win.cc(85)] sending message @05368180 on channel @05B7E600 with type 196692 (0 in queue)
[0212/140324:VERBOSE2:ipc_channel_win.cc(408)] sent message @05368180 on channel @05B7E600 with type 196692
[0212/140326:VERBOSE2:ipc_channel_win.cc(85)] sending message @05DAE240 on channel @05B7E600 with type 196692 (0 in queue)
[0212/140326:VERBOSE2:ipc_channel_win.cc(408)] sent message @05DAE240 on channel @05B7E600 with type 196692
[0212/140327:INFO:CONSOLE(0)] "event.returnValue is deprecated. Please use the standard event.preventDefault() instead.", source:  (0)
[0212/140328:VERBOSE2:ipc_channel_win.cc(85)] sending message @05D0B480 on channel @05B7E600 with type 196692 (0 in queue)
[0212/140328:VERBOSE2:ipc_channel_win.cc(408)] sent message @05D0B480 on channel @05B7E600 with type 196692
[0212/140328:INFO:CONSOLE(2)] "watch:impress", source: http://js.tv.itc.cn/hdpv.js (2)
[0212/140328:INFO:CONSOLE(2)] "watch:click", source: http://js.tv.itc.cn/hdpv.js (2)
[0212/140328:INFO:CONSOLE(2)] "watch:hover", source: http://js.tv.itc.cn/hdpv.js (2)
[0212/140329:VERBOSE2:ipc_channel_win.cc(85)] sending message @0609CF00 on channel @05B7E600 with type 196692 (0 in queue)
[0212/140329:VERBOSE2:ipc_channel_win.cc(408)] sent message @0609CF00 on channel @05B7E600 with type 196692
[0212/140330:VERBOSE2:ipc_channel_win.cc(85)] sending message @05E0E840 on channel @05B7E600 with type 196692 (0 in queue)
[0212/140330:VERBOSE2:ipc_channel_win.cc(408)] sent message @05E0E840 on channel @05B7E600 with type 196692
[0212/140332:FATAL:render_widget_host_view_base.cc(326)] Check failed: false. DeferWindowPos failed, so all plugin moves ignored.
Backtrace:
	cef_time_delta [0x103416F1+1906865]
	cef_time_delta [0x1029957F+1218367]
	cef_time_delta [0x10503E63+3751971]
	cef_time_delta [0x1076AF2E+6271214]
	cef_time_delta [0x104721D7+3154839]
	cef_time_delta [0x10471C88+3153480]
	cef_time_delta [0x1048724C+3240972]
	cef_time_delta [0x10483327+3224807]
	cef_time_delta [0x1046A4B1+3122801]
	cef_time_delta [0x1044F850+3013136]
	cef_time_delta [0x103D8035+2523637]
	cef_time_delta [0x105669E7+4156327]
	cef_time_delta [0x1056581C+4151772]
	cef_time_delta [0x105719AB+4201323]
	cef_time_delta [0x1057175A+4200730]
	cef_time_delta [0x105712FA+4199610]
	cef_time_delta [0x101E937F+496959]
	cef_time_delta [0x102A27D3+1255827]
	cef_time_delta [0x102A2B54+1256724]
	cef_time_delta [0x102A30A0+1258080]
	cef_time_delta [0x10344824+1919460]
	cef_time_delta [0x10343CC2+1916546]
	cef_time_delta [0x10343F7C+1917244]
	cef_time_delta [0x102A2367+1254695]
	cef_time_delta [0x102A213E+1254142]
	cef_time_delta [0x10312C59+1715737]
	cef_time_delta [0x102A198B+1252171]
	cef_time_delta [0x10311E66+1712166]
	cef_time_delta [0x103120AB+1712747]
	cef_time_delta [0x102B8291+1344593]
	BaseThreadInitThunk [0x7561338A+18]
	RtlInitializeExceptionChain [0x77E99F72+99]
	RtlInitializeExceptionChain [0x77E99F45+54]

[0212/140455:ERROR:cache_util_win.cc(20)] Unable to move the cache: 5
[0212/140455:ERROR:cache_util.cc(104)] Unable to move cache folder C:\Users\COLLIN~1\AppData\Local\Temp\WebUICore_Cache to C:\Users\COLLIN~1\AppData\Local\Temp\old_WebUICore_Cache_000
[0212/140455:ERROR:cache_creator.cc(115)] Unable to create cache
[0212/140456:VERBOSE2:ipc_channel_win.cc(85)] sending message @059B83C0 on channel @059C5400 with type 196692 (0 in queue)
[0212/140456:VERBOSE2:ipc_channel_win.cc(408)] sent message @059B83C0 on channel @059C5400 with type 196692
[0212/140529:ERROR:cache_util_win.cc(20)] Unable to move the cache: 5
[0212/140529:ERROR:cache_util.cc(104)] Unable to move cache folder C:\Users\COLLIN~1\AppData\Local\Temp\WebUICore_Cache to C:\Users\COLLIN~1\AppData\Local\Temp\old_WebUICore_Cache_000
[0212/140529:ERROR:cache_creator.cc(115)] Unable to create cache
[0212/140529:VERBOSE2:ipc_channel_win.cc(408)] sent message @04FE0370 on channel @04E4A200 with type 65535
[0212/140529:VERBOSE2:ipc_channel_win.cc(85)] sending message @04E4F720 on channel @04E4A200 with type 196692 (0 in queue)
[0212/140529:VERBOSE2:ipc_channel_win.cc(408)] sent message @04E4F720 on channel @04E4A200 with type 196692
[0212/140707:ERROR:cache_util_win.cc(20)] Unable to move the cache: 5
[0212/140707:ERROR:cache_util.cc(104)] Unable to move cache folder C:\Users\COLLIN~1\AppData\Local\Temp\WebUICore_Cache to C:\Users\COLLIN~1\AppData\Local\Temp\old_WebUICore_Cache_000
[0212/140707:ERROR:cache_creator.cc(115)] Unable to create cache
[0212/140708:VERBOSE2:ipc_channel_win.cc(408)] sent message @04F421E0 on channel @04A15000 with type 65535
[0212/140708:VERBOSE2:ipc_channel_win.cc(85)] sending message @04A106C0 on channel @04A15000 with type 196692 (0 in queue)
[0212/140708:VERBOSE2:ipc_channel_win.cc(408)] sent message @04A106C0 on channel @04A15000 with type 196692
[0212/140709:VERBOSE2:ipc_channel_win.cc(408)] sent message @0515E4B0 on channel @0506D000 with type 65535
[0212/140709:VERBOSE2:ipc_channel_win.cc(85)] sending message @0579ADE0 on channel @0506D000 with type 196692 (0 in queue)
[0212/140709:VERBOSE2:ipc_channel_win.cc(408)] sent message @0579ADE0 on channel @0506D000 with type 196692
[0212/141517:ERROR:cache_util_win.cc(20)] Unable to move the cache: 5
[0212/141517:ERROR:cache_util.cc(104)] Unable to move cache folder C:\Users\COLLIN~1\AppData\Local\Temp\WebUICore_Cache to C:\Users\COLLIN~1\AppData\Local\Temp\old_WebUICore_Cache_000
[0212/141517:ERROR:cache_creator.cc(115)] Unable to create cache
[0212/141518:VERBOSE2:ipc_channel_win.cc(85)] sending message @049E5900 on channel @049F2200 with type 196692 (0 in queue)
[0212/141518:VERBOSE2:ipc_channel_win.cc(408)] sent message @049E5900 on channel @049F2200 with type 196692
[0212/141524:ERROR:ipc_channel_win.cc(404)] pipe error: 232
[0212/141624:ERROR:cache_util_win.cc(20)] Unable to move the cache: 5
[0212/141624:ERROR:cache_util.cc(104)] Unable to move cache folder C:\Users\COLLIN~1\AppData\Local\Temp\WebUICore_Cache to C:\Users\COLLIN~1\AppData\Local\Temp\old_WebUICore_Cache_000
[0212/141624:ERROR:cache_creator.cc(115)] Unable to create cache
[0212/141624:VERBOSE2:ipc_channel_win.cc(85)] sending message @0484C960 on channel @04D30600 with type 196692 (0 in queue)
[0212/141624:VERBOSE2:ipc_channel_win.cc(408)] sent message @0484C960 on channel @04D30600 with type 196692
[0212/141627:VERBOSE2:ipc_channel_win.cc(85)] sending message @057064E0 on channel @05BD0600 with type 196692 (0 in queue)
[0212/141627:VERBOSE2:ipc_channel_win.cc(408)] sent message @057064E0 on channel @05BD0600 with type 196692
[0212/141628:VERBOSE2:ipc_channel_win.cc(85)] sending message @05BDC3C0 on channel @05BD0600 with type 196692 (0 in queue)
[0212/141628:VERBOSE2:ipc_channel_win.cc(408)] sent message @05BDC3C0 on channel @05BD0600 with type 196692
[0212/141628:VERBOSE2:ipc_channel_win.cc(85)] sending message @061F9660 on channel @05BD0600 with type 196692 (0 in queue)
[0212/141628:VERBOSE2:ipc_channel_win.cc(408)] sent message @061F9660 on channel @05BD0600 with type 196692
[0212/141629:VERBOSE2:ipc_channel_win.cc(85)] sending message @05E101E0 on channel @05BD0600 with type 196692 (0 in queue)
[0212/141629:VERBOSE2:ipc_channel_win.cc(408)] sent message @05E101E0 on channel @05BD0600 with type 196692
[0212/141630:INFO:CONSOLE(2)] "watch:impress", source: http://js.tv.itc.cn/hdpv.js (2)
[0212/141630:INFO:CONSOLE(2)] "watch:click", source: http://js.tv.itc.cn/hdpv.js (2)
[0212/141630:INFO:CONSOLE(2)] "watch:hover", source: http://js.tv.itc.cn/hdpv.js (2)
[0212/141630:INFO:CONSOLE(2)] "push wait : 0", source: http://js.tv.itc.cn/base/core/g_755eb8.js (2)
[0212/141630:INFO:CONSOLE(2)] "http://push.my.tv.sohu.com/getwebpush_sohuHD.globalNewPushTrigger.json?referrer=http%3A%2F%2Ftv.sohu.com%2F", source: http://js.tv.itc.cn/base/core/g_755eb8.js (2)
[0212/141630:INFO:CONSOLE(2)] "push hidden : false", source: http://js.tv.itc.cn/base/core/g_755eb8.js (2)
[0212/141630:INFO:CONSOLE(2)] "publish logout", source: http://js.tv.itc.cn/base/core/g_755eb8.js (2)
[0212/141630:INFO:CONSOLE(1)] "Spv installed successfully！", source:  (1)
[0212/141631:INFO:CONSOLE(0)] "event.returnValue is deprecated. Please use the standard event.preventDefault() instead.", source:  (0)
[0212/141729:VERBOSE2:ipc_channel_win.cc(85)] sending message @052E2780 on channel @04D30600 with type 196692 (0 in queue)
[0212/141729:VERBOSE2:ipc_channel_win.cc(408)] sent message @052E2780 on channel @04D30600 with type 196692
[0212/141730:VERBOSE2:ipc_channel_win.cc(85)] sending message @05C265A0 on channel @05BD0600 with type 196692 (0 in queue)
[0212/141730:VERBOSE2:ipc_channel_win.cc(408)] sent message @05C265A0 on channel @05BD0600 with type 196692
[0212/141731:VERBOSE2:ipc_channel_win.cc(85)] sending message @06EDC060 on channel @05BD0600 with type 196692 (0 in queue)
[0212/141731:VERBOSE2:ipc_channel_win.cc(408)] sent message @06EDC060 on channel @05BD0600 with type 196692
[0212/141731:VERBOSE2:ipc_channel_win.cc(85)] sending message @06B25960 on channel @05BD0600 with type 196692 (0 in queue)
[0212/141731:VERBOSE2:ipc_channel_win.cc(408)] sent message @06B25960 on channel @05BD0600 with type 196692
[0212/141731:INFO:CONSOLE(2)] "watch:impress", source: http://js.tv.itc.cn/hdpv.js (2)
[0212/141731:INFO:CONSOLE(2)] "watch:detect 3 element", source: http://js.tv.itc.cn/hdpv.js (2)
[0212/141731:INFO:CONSOLE(2)] "watch:click", source: http://js.tv.itc.cn/hdpv.js (2)
[0212/141731:INFO:CONSOLE(2)] "watch:hover", source: http://js.tv.itc.cn/hdpv.js (2)
[0212/141732:WARNING:http_stream_factory.cc(80)] Alternate-Protocol header has unrecognized protocol: quic
[0212/141732:VERBOSE2:ipc_channel_win.cc(85)] sending message @072A0C00 on channel @05BD0600 with type 196692 (0 in queue)
[0212/141732:VERBOSE2:ipc_channel_win.cc(408)] sent message @072A0C00 on channel @05BD0600 with type 196692
[0212/141732:WARNING:http_stream_factory.cc(80)] Alternate-Protocol header has unrecognized protocol: quic
[0212/141733:INFO:CONSOLE(2)] "publish logout", source: http://js.tv.itc.cn/base/core/g_755eb8.js (2)
[0212/141733:INFO:CONSOLE(2)] "videolist set: 8389703(1|999|0|1)", source: http://js.tv.itc.cn/base/core/g_755eb8.js (2)
[0212/141733:INFO:CONSOLE(0)] "event.returnValue is deprecated. Please use the standard event.preventDefault() instead.", source:  (0)
[0212/141733:INFO:CONSOLE(2)] "videolist get: 8389703(1|999|0|1)", source: http://js.tv.itc.cn/base/core/g_755eb8.js (2)
[0212/141733:INFO:CONSOLE(2)] "adjust: 1.7666666666666666", source: http://js.tv.itc.cn/base/core/g_755eb8.js (2)
[0212/141733:INFO:CONSOLE(2)] "push wait : 0", source: http://js.tv.itc.cn/base/core/g_755eb8.js (2)
[0212/141733:INFO:CONSOLE(2)] "seed need dom & callback", source: http://js.tv.itc.cn/base/core/g_755eb8.js (2)
[0212/141734:WARNING:http_stream_factory.cc(80)] Alternate-Protocol header has unrecognized protocol: quic
[0212/141734:INFO:CONSOLE(2)] "http://push.my.tv.sohu.com/getwebpush_sohuHD.globalNewPushTrigger.json?referrer=http%3A%2F%2Ftv.sohu.com%2F20150212%2Fn408942807.shtml", source: http://js.tv.itc.cn/base/core/g_755eb8.js (2)
[0212/141734:INFO:CONSOLE(2)] "push hidden : false", source: http://js.tv.itc.cn/base/core/g_755eb8.js (2)
[0212/141734:INFO:CONSOLE(2)] "adjust: 1.7666666666666666", source: http://js.tv.itc.cn/base/core/g_755eb8.js (2)
[0212/141734:INFO:CONSOLE(2)] "push wait : 10", source: http://js.tv.itc.cn/base/core/g_755eb8.js (2)
[0212/141734:INFO:CONSOLE(0)] "Blocked a frame with origin "http://images.sohu.com" from accessing a frame with origin "http://tv.sohu.com". Protocols, domains, and ports must match.", source:  (0)
[0212/141734:WARNING:http_stream_factory.cc(80)] Alternate-Protocol header has unrecognized protocol: quic
[0212/141734:WARNING:http_stream_factory.cc(80)] Alternate-Protocol header has unrecognized protocol: quic
[0212/141734:VERBOSE2:ipc_channel_win.cc(85)] sending message @072E5600 on channel @05BD0600 with type 196692 (0 in queue)
[0212/141734:VERBOSE2:ipc_channel_win.cc(408)] sent message @072E5600 on channel @05BD0600 with type 196692
[0212/141734:VERBOSE2:ipc_channel_win.cc(85)] sending message @0852F240 on channel @05BD0600 with type 196692 (0 in queue)
[0212/141734:VERBOSE2:ipc_channel_win.cc(408)] sent message @0852F240 on channel @05BD0600 with type 196692
[0212/141735:VERBOSE2:ipc_channel_win.cc(85)] sending message @0852FBA0 on channel @05BD0600 with type 196692 (0 in queue)
[0212/141735:VERBOSE2:ipc_channel_win.cc(408)] sent message @0852FBA0 on channel @05BD0600 with type 196692
[0212/141735:VERBOSE2:ipc_channel_win.cc(85)] sending message @05DECD20 on channel @05BD0600 with type 196692 (0 in queue)
[0212/141735:VERBOSE2:ipc_channel_win.cc(408)] sent message @05DECD20 on channel @05BD0600 with type 196692
[0212/141735:INFO:CONSOLE(1)] "Uncaught SyntaxError: Unexpected token <", source: http://tns.simba.taobao.com/?name=itemdsp&count=12&o=j&p4p=tbcc_p4p_c2014_12_160778_14237218546991423721854823&pid=mm_26632206_2690592_29060613&refpid=mm_26632206_2690592_29060613 (1)
[0212/141735:WARNING:content_browser_client.cc(393)] No browser info matching process id 3 and view id 0
[0212/141735:WARNING:content_browser_client.cc(393)] No browser info matching process id 3 and view id 0
[0212/141735:WARNING:content_browser_client.cc(393)] No browser info matching process id 3 and view id 0
[0212/141735:WARNING:content_browser_client.cc(393)] No browser info matching process id 3 and view id 0
[0212/142406:ERROR:cache_util_win.cc(20)] Unable to move the cache: 5
[0212/142406:ERROR:cache_util.cc(104)] Unable to move cache folder C:\Users\COLLIN~1\AppData\Local\Temp\WebUICore_Cache to C:\Users\COLLIN~1\AppData\Local\Temp\old_WebUICore_Cache_000
[0212/142406:ERROR:cache_creator.cc(115)] Unable to create cache
[0212/142409:INFO:CONSOLE(2)] "publish logout", source: http://js.tv.itc.cn/base/core/g_755eb8.js (2)
[0212/142409:INFO:CONSOLE(2)] "watch:impress", source: http://js.tv.itc.cn/hdpv.js (2)
[0212/142409:INFO:CONSOLE(2)] "watch:click", source: http://js.tv.itc.cn/hdpv.js (2)
[0212/142409:INFO:CONSOLE(2)] "watch:hover", source: http://js.tv.itc.cn/hdpv.js (2)
[0212/142409:INFO:CONSOLE(2)] "push wait : 0", source: http://js.tv.itc.cn/base/core/g_755eb8.js (2)
[0212/142409:INFO:CONSOLE(2)] "http://push.my.tv.sohu.com/getwebpush_sohuHD.globalNewPushTrigger.json?referrer=http%3A%2F%2Ftv.sohu.com%2F", source: http://js.tv.itc.cn/base/core/g_755eb8.js (2)
[0212/142409:INFO:CONSOLE(2)] "push hidden : false", source: http://js.tv.itc.cn/base/core/g_755eb8.js (2)
[0212/142409:INFO:CONSOLE(2)] "push wait : 10", source: http://js.tv.itc.cn/base/core/g_755eb8.js (2)
[0212/142418:INFO:CONSOLE(0)] "event.returnValue is deprecated. Please use the standard event.preventDefault() instead.", source:  (0)
[0212/142701:ERROR:cache_util_win.cc(20)] Unable to move the cache: 5
[0212/142701:ERROR:cache_util.cc(104)] Unable to move cache folder C:\Users\COLLIN~1\AppData\Local\Temp\WebUICore_Cache to C:\Users\COLLIN~1\AppData\Local\Temp\old_WebUICore_Cache_000
[0212/142701:ERROR:cache_creator.cc(115)] Unable to create cache
[0212/142702:VERBOSE2:ipc_channel_win.cc(85)] sending message @0488C780 on channel @048AB200 with type 196692 (0 in queue)
[0212/142702:VERBOSE2:ipc_channel_win.cc(408)] sent message @0488C780 on channel @048AB200 with type 196692
[0212/142704:VERBOSE2:ipc_channel_win.cc(408)] sent message @05BE65A0 on channel @05A14000 with type 65535
[0212/142704:VERBOSE2:ipc_channel_win.cc(85)] sending message @05946060 on channel @05A14000 with type 196692 (0 in queue)
[0212/142704:VERBOSE2:ipc_channel_win.cc(408)] sent message @05946060 on channel @05A14000 with type 196692
[0212/142704:VERBOSE2:ipc_channel_win.cc(85)] sending message @04BF0EA0 on channel @05A14000 with type 196692 (0 in queue)
[0212/142704:VERBOSE2:ipc_channel_win.cc(408)] sent message @04BF0EA0 on channel @05A14000 with type 196692
[0212/142705:VERBOSE2:ipc_channel_win.cc(85)] sending message @06473EA0 on channel @05A14000 with type 196692 (0 in queue)
[0212/142705:VERBOSE2:ipc_channel_win.cc(408)] sent message @06473EA0 on channel @05A14000 with type 196692
[0212/142706:INFO:CONSOLE(2)] "watch:impress", source: http://js.tv.itc.cn/hdpv.js (2)
[0212/142706:INFO:CONSOLE(2)] "watch:click", source: http://js.tv.itc.cn/hdpv.js (2)
[0212/142706:INFO:CONSOLE(2)] "watch:hover", source: http://js.tv.itc.cn/hdpv.js (2)
[0212/142706:INFO:CONSOLE(2)] "publish logout", source: http://js.tv.itc.cn/base/core/g_755eb8.js (2)
[0212/142706:INFO:CONSOLE(2)] "push wait : 0", source: http://js.tv.itc.cn/base/core/g_755eb8.js (2)
[0212/142706:INFO:CONSOLE(2)] "http://push.my.tv.sohu.com/getwebpush_sohuHD.globalNewPushTrigger.json?referrer=http%3A%2F%2Ftv.sohu.com%2F", source: http://js.tv.itc.cn/base/core/g_755eb8.js (2)
[0212/142706:INFO:CONSOLE(2)] "push hidden : false", source: http://js.tv.itc.cn/base/core/g_755eb8.js (2)
[0212/142706:INFO:CONSOLE(2)] "push wait : 10", source: http://js.tv.itc.cn/base/core/g_755eb8.js (2)
[0212/142754:ERROR:cache_util_win.cc(20)] Unable to move the cache: 5
[0212/142754:ERROR:cache_util.cc(104)] Unable to move cache folder C:\Users\COLLIN~1\AppData\Local\Temp\WebUICore_Cache to C:\Users\COLLIN~1\AppData\Local\Temp\old_WebUICore_Cache_000
[0212/142754:ERROR:cache_creator.cc(115)] Unable to create cache
[0212/142755:VERBOSE2:ipc_channel_win.cc(408)] sent message @02411370 on channel @04927200 with type 65535
[0212/142755:VERBOSE2:ipc_channel_win.cc(85)] sending message @04905900 on channel @04927200 with type 196692 (0 in queue)
[0212/142755:VERBOSE2:ipc_channel_win.cc(408)] sent message @04905900 on channel @04927200 with type 196692
[0212/142757:VERBOSE2:ipc_channel_win.cc(408)] sent message @059A1460 on channel @05B7D200 with type 65535
[0212/142757:VERBOSE2:ipc_channel_win.cc(85)] sending message @04905CC0 on channel @05B7D200 with type 196692 (0 in queue)
[0212/142757:VERBOSE2:ipc_channel_win.cc(408)] sent message @04905CC0 on channel @05B7D200 with type 196692
[0212/142758:VERBOSE2:ipc_channel_win.cc(85)] sending message @05D5F3C0 on channel @05B7D200 with type 196692 (0 in queue)
[0212/142758:VERBOSE2:ipc_channel_win.cc(408)] sent message @05D5F3C0 on channel @05B7D200 with type 196692
[0212/142758:VERBOSE2:ipc_channel_win.cc(85)] sending message @0581DDE0 on channel @05B7D200 with type 196692 (0 in queue)
[0212/142758:VERBOSE2:ipc_channel_win.cc(408)] sent message @0581DDE0 on channel @05B7D200 with type 196692
[0212/142759:INFO:CONSOLE(2)] "watch:impress", source: http://js.tv.itc.cn/hdpv.js (2)
[0212/142759:INFO:CONSOLE(2)] "watch:click", source: http://js.tv.itc.cn/hdpv.js (2)
[0212/142759:INFO:CONSOLE(2)] "watch:hover", source: http://js.tv.itc.cn/hdpv.js (2)
[0212/142759:INFO:CONSOLE(2)] "push wait : 0", source: http://js.tv.itc.cn/base/core/g_755eb8.js (2)
[0212/142759:INFO:CONSOLE(2)] "publish logout", source: http://js.tv.itc.cn/base/core/g_755eb8.js (2)
[0212/142759:INFO:CONSOLE(2)] "http://push.my.tv.sohu.com/getwebpush_sohuHD.globalNewPushTrigger.json?referrer=http%3A%2F%2Ftv.sohu.com%2F", source: http://js.tv.itc.cn/base/core/g_755eb8.js (2)
[0212/142759:INFO:CONSOLE(2)] "push hidden : false", source: http://js.tv.itc.cn/base/core/g_755eb8.js (2)
[0212/142759:INFO:CONSOLE(2)] "push wait : 10", source: http://js.tv.itc.cn/base/core/g_755eb8.js (2)
[0212/142802:INFO:CONSOLE(0)] "event.returnValue is deprecated. Please use the standard event.preventDefault() instead.", source:  (0)
[0212/142902:ERROR:cache_util_win.cc(20)] Unable to move the cache: 5
[0212/142902:ERROR:cache_util.cc(104)] Unable to move cache folder C:\Users\COLLIN~1\AppData\Local\Temp\WebUICore_Cache to C:\Users\COLLIN~1\AppData\Local\Temp\old_WebUICore_Cache_000
[0212/142902:ERROR:cache_creator.cc(115)] Unable to create cache
[0212/142903:VERBOSE2:ipc_channel_win.cc(408)] sent message @04D810A0 on channel @04D97200 with type 65535
[0212/142903:VERBOSE2:ipc_channel_win.cc(85)] sending message @04DEC6C0 on channel @04D97200 with type 196692 (0 in queue)
[0212/142903:VERBOSE2:ipc_channel_win.cc(408)] sent message @04DEC6C0 on channel @04D97200 with type 196692
[0212/142905:VERBOSE2:ipc_channel_win.cc(85)] sending message @04E395A0 on channel @06AEA400 with type 196692 (0 in queue)
[0212/142905:VERBOSE2:ipc_channel_win.cc(408)] sent message @04E395A0 on channel @06AEA400 with type 196692
[0212/143839:ERROR:cache_util_win.cc(20)] Unable to move the cache: 5
[0212/143839:ERROR:cache_util.cc(104)] Unable to move cache folder C:\Users\COLLIN~1\AppData\Local\Temp\WebUICore_Cache to C:\Users\COLLIN~1\AppData\Local\Temp\old_WebUICore_Cache_000
[0212/143839:ERROR:cache_creator.cc(115)] Unable to create cache
[0212/143841:WARNING:content_browser_client.cc(393)] No browser info matching process id 3 and view id 1
[0212/143841:WARNING:content_browser_client.cc(393)] No browser info matching process id 3 and view id 1
[0212/143841:WARNING:content_browser_client.cc(393)] No browser info matching process id 3 and view id 1
[0212/143841:WARNING:content_browser_client.cc(393)] No browser info matching process id 3 and view id 1
[0212/152619:ERROR:cache_util_win.cc(20)] Unable to move the cache: 5
[0212/152619:ERROR:cache_util.cc(104)] Unable to move cache folder C:\Users\COLLIN~1\AppData\Local\Temp\WebUICore_Cache to C:\Users\COLLIN~1\AppData\Local\Temp\old_WebUICore_Cache_000
[0212/152619:ERROR:cache_creator.cc(115)] Unable to create cache
[0212/152620:VERBOSE2:ipc_channel_win.cc(85)] sending message @04D04A20 on channel @04CA0200 with type 196692 (0 in queue)
[0212/152620:VERBOSE2:ipc_channel_win.cc(408)] sent message @04D04A20 on channel @04CA0200 with type 196692
[0212/152622:VERBOSE2:ipc_channel_win.cc(408)] sent message @05BC1050 on channel @05C70000 with type 65535
[0212/152622:VERBOSE2:ipc_channel_win.cc(85)] sending message @05DD20C0 on channel @05C70000 with type 196692 (0 in queue)
[0212/152622:VERBOSE2:ipc_channel_win.cc(408)] sent message @05DD20C0 on channel @05C70000 with type 196692
[0212/152622:FATAL:plugin_host.cc(696)] Check failed: false. 
Backtrace:
	cef_time_delta [0x103416F1+1906865]
	cef_time_delta [0x1029957F+1218367]
	cef_time_delta [0x14AE29C9+77015945]
	unuse_netscape_plugin_Plugin [0x5C48F9A3+65744]
	DllUnregisterServer [0x5C4943E8+3218]

[0212/180619:ERROR:main_delegate.cc(588)] Could not load cef_100_percent.pak
[0212/180619:ERROR:main_delegate.cc(588)] Could not load cef_100_percent.pak
[0212/180619:ERROR:main_delegate.cc(588)] Could not load cef_100_percent.pak
[0212/180619:ERROR:renderer_main.cc(207)] Running without renderer sandbox
[0212/180622:ERROR:singleton_hwnd.cc(43)] Cannot create windows on non-UI thread!
[0212/180622:WARNING:resource_bundle.cc(403)] Unable to load image with id 5830
[0212/180622:FATAL:resource_bundle.cc(404)] Check failed: false. 
Backtrace:
	cef_trace_event_instant [0x10587E51+1495937]
	cef_trace_event_instant [0x104BE6DF+670735]
	SetCrashKeyValueImpl [0x130544B6+8635254]
	SetCrashKeyValueImpl [0x13054663+8635683]
	IsSandboxedProcess [0x15C6919B+1750187]
	IsSandboxedProcess [0x15C690BD+1749965]
	SetCrashKeyValueImpl [0x1434F006+28536518]
	SetCrashKeyValueImpl [0x1434EFE9+28536489]
	SetCrashKeyValueImpl [0x1434F0C1+28536705]
	SetCrashKeyValueImpl [0x14349D2E+28515310]
	SetCrashKeyValueImpl [0x1434896E+28510254]
	SetCrashKeyValueImpl [0x142C21DF+27959455]
	SetCrashKeyValueImpl [0x14E08FCD+39784077]
	SetCrashKeyValueImpl [0x15065758+42259992]
	SetCrashKeyValueImpl [0x14BE7AFD+37550525]
	SetCrashKeyValueImpl [0x152D94E1+44831649]
	SetCrashKeyValueImpl [0x152D9A42+44833026]
	SetCrashKeyValueImpl [0x1522C8C6+44124038]
	SetCrashKeyValueImpl [0x1522FA2C+44136684]
	SetCrashKeyValueImpl [0x1522FE69+44137769]
	SetCrashKeyValueImpl [0x15368AAD+45418861]
	SetCrashKeyValueImpl [0x1536F142+45445122]
	SetCrashKeyValueImpl [0x1536CFF8+45436600]
	SetCrashKeyValueImpl [0x1536E892+45442898]
	cef_string_list_value [0x1027073F+194687]
	cef_trace_event_instant [0x105C3F13+1741891]
	cef_trace_event_instant [0x104E78D4+839172]
	cef_trace_event_instant [0x104E58C4+830964]
	cef_trace_event_instant [0x104E5EAD+832477]
	cef_trace_event_instant [0x105CB63B+1772395]
	cef_trace_event_instant [0x104E76F7+838695]
	cef_trace_event_instant [0x105561FE+1292078]
	cef_trace_event_instant [0x104E75AB+838363]
	IsSandboxedProcess [0x161F5C56+7569254]
	SetCrashKeyValueImpl [0x148D5039+34328313]
	SetCrashKeyValueImpl [0x148D4F0F+34328015]
	SetCrashKeyValueImpl [0x148D3360+34320928]
	cef_string_list_value [0x1026C188+176840]
	cef_execute_process [0x101B3285+213]
	CefExecuteProcess [0x013F5E86+278]
	CWUWebCoreApp::Run [0x013E9B15+165] (e:\workspace\c++\desktopdev\webuiframework\webuicore\wuwebcoreapp.cpp:27)
	Run [0x013E425B+123] (e:\workspace\c++\desktopdev\webuiframework\webuicore\webuicore.cpp:60)
	wWinMain [0x013E4303+51] (e:\workspace\c++\desktopdev\webuiframework\webuicore\webuicore.cpp:75)
	__tmainCRTStartup [0x0149F388+296] (f:\dd\vctools\crt\crtw32\startup\crt0.c:251)
	wWinMainCRTStartup [0x0149F4CD+13] (f:\dd\vctools\crt\crtw32\startup\crt0.c:165)
	BaseThreadInitThunk [0x7643919F+14]
	RtlInitializeExceptionChain [0x77EDB5AF+143]
	RtlInitializeExceptionChain [0x77EDB57A+90]

[0212/180624:WARNING:channel.cc(188)] WriteMessage() while shutting down
[0212/180624:WARNING:message_in_transit_queue.cc(18)] Destroying nonempty message queue
[0212/180724:ERROR:main_delegate.cc(588)] Could not load cef_100_percent.pak
[0212/180725:ERROR:main_delegate.cc(588)] Could not load cef_100_percent.pak
[0212/180725:ERROR:main_delegate.cc(588)] Could not load cef_100_percent.pak
[0212/180725:ERROR:renderer_main.cc(207)] Running without renderer sandbox
[0212/180727:ERROR:singleton_hwnd.cc(43)] Cannot create windows on non-UI thread!
[0212/180727:WARNING:resource_bundle.cc(403)] Unable to load image with id 5830
[0212/180727:FATAL:resource_bundle.cc(404)] Check failed: false. 
Backtrace:
	cef_trace_event_instant [0x10587E51+1495937]
	cef_trace_event_instant [0x104BE6DF+670735]
	SetCrashKeyValueImpl [0x130544B6+8635254]
	SetCrashKeyValueImpl [0x13054663+8635683]
	IsSandboxedProcess [0x15C6919B+1750187]
	IsSandboxedProcess [0x15C690BD+1749965]
	SetCrashKeyValueImpl [0x1434F006+28536518]
	SetCrashKeyValueImpl [0x1434EFE9+28536489]
	SetCrashKeyValueImpl [0x1434F0C1+28536705]
	SetCrashKeyValueImpl [0x14349D2E+28515310]
	SetCrashKeyValueImpl [0x1434896E+28510254]
	SetCrashKeyValueImpl [0x142C21DF+27959455]
	SetCrashKeyValueImpl [0x14E08FCD+39784077]
	SetCrashKeyValueImpl [0x15065758+42259992]
	SetCrashKeyValueImpl [0x14BE7AFD+37550525]
	SetCrashKeyValueImpl [0x152D94E1+44831649]
	SetCrashKeyValueImpl [0x152D9A42+44833026]
	SetCrashKeyValueImpl [0x1522C8C6+44124038]
	SetCrashKeyValueImpl [0x1522FA2C+44136684]
	SetCrashKeyValueImpl [0x1522FE69+44137769]
	SetCrashKeyValueImpl [0x15368AAD+45418861]
	SetCrashKeyValueImpl [0x1536F142+45445122]
	SetCrashKeyValueImpl [0x1536CFF8+45436600]
	SetCrashKeyValueImpl [0x1536E892+45442898]
	cef_string_list_value [0x1027073F+194687]
	cef_trace_event_instant [0x105C3F13+1741891]
	cef_trace_event_instant [0x104E78D4+839172]
	cef_trace_event_instant [0x104E58C4+830964]
	cef_trace_event_instant [0x104E5EAD+832477]
	cef_trace_event_instant [0x105CB63B+1772395]
	cef_trace_event_instant [0x104E76F7+838695]
	cef_trace_event_instant [0x105561FE+1292078]
	cef_trace_event_instant [0x104E75AB+838363]
	IsSandboxedProcess [0x161F5C56+7569254]
	SetCrashKeyValueImpl [0x148D5039+34328313]
	SetCrashKeyValueImpl [0x148D4F0F+34328015]
	SetCrashKeyValueImpl [0x148D3360+34320928]
	cef_string_list_value [0x1026C188+176840]
	cef_execute_process [0x101B3285+213]
	CefExecuteProcess [0x013F5E86+278]
	CWUWebCoreApp::Run [0x013E9B15+165] (e:\workspace\c++\desktopdev\webuiframework\webuicore\wuwebcoreapp.cpp:27)
	Run [0x013E425B+123] (e:\workspace\c++\desktopdev\webuiframework\webuicore\webuicore.cpp:60)
	wWinMain [0x013E4303+51] (e:\workspace\c++\desktopdev\webuiframework\webuicore\webuicore.cpp:75)
	__tmainCRTStartup [0x0149F388+296] (f:\dd\vctools\crt\crtw32\startup\crt0.c:251)
	wWinMainCRTStartup [0x0149F4CD+13] (f:\dd\vctools\crt\crtw32\startup\crt0.c:165)
	BaseThreadInitThunk [0x7643919F+14]
	RtlInitializeExceptionChain [0x77EDB5AF+143]
	RtlInitializeExceptionChain [0x77EDB57A+90]

[0212/180729:WARNING:channel.cc(188)] WriteMessage() while shutting down
[0212/180729:WARNING:message_in_transit_queue.cc(18)] Destroying nonempty message queue
[0212/180823:ERROR:main_delegate.cc(588)] Could not load cef_100_percent.pak
[0212/180827:ERROR:main_delegate.cc(588)] Could not load cef_100_percent.pak
[0212/180842:ERROR:main_delegate.cc(588)] Could not load cef_100_percent.pak
[0212/180842:ERROR:main_delegate.cc(588)] Could not load cef_100_percent.pak
[0212/180842:ERROR:main_delegate.cc(588)] Could not load cef_100_percent.pak
[0212/180842:ERROR:renderer_main.cc(207)] Running without renderer sandbox
[0212/180844:ERROR:singleton_hwnd.cc(43)] Cannot create windows on non-UI thread!
[0212/180844:WARNING:resource_bundle.cc(403)] Unable to load image with id 5830
[0212/180844:FATAL:resource_bundle.cc(404)] Check failed: false. 
Backtrace:
	cef_trace_event_instant [0x10587E51+1495937]
	cef_trace_event_instant [0x104BE6DF+670735]
	SetCrashKeyValueImpl [0x130544B6+8635254]
	SetCrashKeyValueImpl [0x13054663+8635683]
	IsSandboxedProcess [0x15C6919B+1750187]
	IsSandboxedProcess [0x15C690BD+1749965]
	SetCrashKeyValueImpl [0x1434F006+28536518]
	SetCrashKeyValueImpl [0x1434EFE9+28536489]
	SetCrashKeyValueImpl [0x1434F0C1+28536705]
	SetCrashKeyValueImpl [0x14349D2E+28515310]
	SetCrashKeyValueImpl [0x1434896E+28510254]
	SetCrashKeyValueImpl [0x142C21DF+27959455]
	SetCrashKeyValueImpl [0x14E08FCD+39784077]
	SetCrashKeyValueImpl [0x15065758+42259992]
	SetCrashKeyValueImpl [0x14BE7AFD+37550525]
	SetCrashKeyValueImpl [0x152D94E1+44831649]
	SetCrashKeyValueImpl [0x152D9A42+44833026]
	SetCrashKeyValueImpl [0x1522C8C6+44124038]
	SetCrashKeyValueImpl [0x1522FA2C+44136684]
	SetCrashKeyValueImpl [0x1522FE69+44137769]
	SetCrashKeyValueImpl [0x15368AAD+45418861]
	SetCrashKeyValueImpl [0x1536F142+45445122]
	SetCrashKeyValueImpl [0x1536CFF8+45436600]
	SetCrashKeyValueImpl [0x1536E892+45442898]
	cef_string_list_value [0x1027073F+194687]
	cef_trace_event_instant [0x105C3F13+1741891]
	cef_trace_event_instant [0x104E78D4+839172]
	cef_trace_event_instant [0x104E58C4+830964]
	cef_trace_event_instant [0x104E5EAD+832477]
	cef_trace_event_instant [0x105CB63B+1772395]
	cef_trace_event_instant [0x104E76F7+838695]
	cef_trace_event_instant [0x105561FE+1292078]
	cef_trace_event_instant [0x104E75AB+838363]
	IsSandboxedProcess [0x161F5C56+7569254]
	SetCrashKeyValueImpl [0x148D5039+34328313]
	SetCrashKeyValueImpl [0x148D4F0F+34328015]
	SetCrashKeyValueImpl [0x148D3360+34320928]
	cef_string_list_value [0x1026C188+176840]
	cef_execute_process [0x101B3285+213]
	CefExecuteProcess [0x013F5E86+278]
	CWUWebCoreApp::Run [0x013E9B15+165] (e:\workspace\c++\desktopdev\webuiframework\webuicore\wuwebcoreapp.cpp:27)
	Run [0x013E425B+123] (e:\workspace\c++\desktopdev\webuiframework\webuicore\webuicore.cpp:60)
	wWinMain [0x013E4303+51] (e:\workspace\c++\desktopdev\webuiframework\webuicore\webuicore.cpp:75)
	__tmainCRTStartup [0x0149F388+296] (f:\dd\vctools\crt\crtw32\startup\crt0.c:251)
	wWinMainCRTStartup [0x0149F4CD+13] (f:\dd\vctools\crt\crtw32\startup\crt0.c:165)
	BaseThreadInitThunk [0x7643919F+14]
	RtlInitializeExceptionChain [0x77EDB5AF+143]
	RtlInitializeExceptionChain [0x77EDB57A+90]

[0212/180845:WARNING:channel.cc(188)] WriteMessage() while shutting down
[0212/180845:WARNING:message_in_transit_queue.cc(18)] Destroying nonempty message queue
[0212/181823:ERROR:main_delegate.cc(588)] Could not load cef_100_percent.pak
[0212/181824:ERROR:main_delegate.cc(588)] Could not load cef_100_percent.pak
[0212/181825:ERROR:main_delegate.cc(588)] Could not load cef_100_percent.pak
[0212/181826:ERROR:renderer_main.cc(207)] Running without renderer sandbox
[0212/181830:WARNING:resource_bundle.cc(403)] Unable to load image with id 5830
[0212/181830:WARNING:resource_bundle.cc(403)] Unable to load image with id 5829
[0212/181830:WARNING:resource_bundle.cc(403)] Unable to load image with id 5831
[0212/181830:WARNING:resource_bundle.cc(403)] Unable to load image with id 5827
[0212/181830:WARNING:resource_bundle.cc(403)] Unable to load image with id 5826
[0212/181830:WARNING:resource_bundle.cc(403)] Unable to load image with id 5828
[0212/181830:WARNING:resource_bundle.cc(403)] Unable to load image with id 5824
[0212/181830:WARNING:resource_bundle.cc(403)] Unable to load image with id 5823
[0212/181830:WARNING:resource_bundle.cc(403)] Unable to load image with id 5825
[0212/181830:WARNING:resource_bundle.cc(403)] Unable to load image with id 5848
[0212/181830:WARNING:resource_bundle.cc(403)] Unable to load image with id 5847
[0212/181830:WARNING:resource_bundle.cc(403)] Unable to load image with id 5849
[0212/181830:WARNING:resource_bundle.cc(403)] Unable to load image with id 5845
[0212/181830:WARNING:resource_bundle.cc(403)] Unable to load image with id 5844
[0212/181830:WARNING:resource_bundle.cc(403)] Unable to load image with id 5846
[0212/181830:WARNING:resource_bundle.cc(403)] Unable to load image with id 5842
[0212/181830:WARNING:resource_bundle.cc(403)] Unable to load image with id 5841
[0212/181830:WARNING:resource_bundle.cc(403)] Unable to load image with id 5843
[0212/181830:WARNING:resource_bundle.cc(403)] Unable to load image with id 5883
[0212/181830:WARNING:resource_bundle.cc(403)] Unable to load image with id 5882
[0212/181830:WARNING:resource_bundle.cc(403)] Unable to load image with id 5884
[0212/181830:WARNING:resource_bundle.cc(403)] Unable to load image with id 5880
[0212/181830:WARNING:resource_bundle.cc(403)] Unable to load image with id 5879
[0212/181830:WARNING:resource_bundle.cc(403)] Unable to load image with id 5881
[0212/181830:WARNING:resource_bundle.cc(403)] Unable to load image with id 5877
[0212/181830:WARNING:resource_bundle.cc(403)] Unable to load image with id 5876
[0212/181830:WARNING:resource_bundle.cc(403)] Unable to load image with id 5878
[0212/181830:INFO:CONSOLE(90)] "一张网页，要经历怎样的过程，才能抵达用户面前？
一位新人，要经历怎样的成长，才能站在技术之巅？
探寻这里的秘密；
体验这里的挑战；
成为这里的主人；
加入百度，加入网页搜索，你，可以影响世界。
", source: http://s1.bdstatic.com/r/www/cache/static/global/js/all_instant_search1_508f54dd.js (90)
[0212/181830:INFO:CONSOLE(90)] "请将简历发送至 %c ps_recruiter@baidu.com（ 邮件标题请以“姓名-应聘XX职位-来自console”命名）", source: http://s1.bdstatic.com/r/www/cache/static/global/js/all_instant_search1_508f54dd.js (90)
[0212/181830:INFO:CONSOLE(90)] "职位介绍：http://dwz.cn/hr2013", source: http://s1.bdstatic.com/r/www/cache/static/global/js/all_instant_search1_508f54dd.js (90)
[0212/181832:WARNING:message_in_transit_queue.cc(18)] Destroying nonempty message queue
[0212/181839:ERROR:main_delegate.cc(588)] Could not load cef_100_percent.pak
[0212/181839:ERROR:main_delegate.cc(588)] Could not load cef_100_percent.pak
[0212/181839:ERROR:main_delegate.cc(588)] Could not load cef_100_percent.pak
[0212/181839:ERROR:renderer_main.cc(207)] Running without renderer sandbox
[0212/181841:ERROR:singleton_hwnd.cc(43)] Cannot create windows on non-UI thread!
[0212/181841:WARNING:resource_bundle.cc(403)] Unable to load image with id 5830
[0212/181841:FATAL:resource_bundle.cc(404)] Check failed: false. 
Backtrace:
	cef_trace_event_instant [0x10587E51+1495937]
	cef_trace_event_instant [0x104BE6DF+670735]
	SetCrashKeyValueImpl [0x130544B6+8635254]
	SetCrashKeyValueImpl [0x13054663+8635683]
	IsSandboxedProcess [0x15C6919B+1750187]
	IsSandboxedProcess [0x15C690BD+1749965]
	SetCrashKeyValueImpl [0x1434F006+28536518]
	SetCrashKeyValueImpl [0x1434EFE9+28536489]
	SetCrashKeyValueImpl [0x1434F0C1+28536705]
	SetCrashKeyValueImpl [0x14349D2E+28515310]
	SetCrashKeyValueImpl [0x1434896E+28510254]
	SetCrashKeyValueImpl [0x142C21DF+27959455]
	SetCrashKeyValueImpl [0x14E08FCD+39784077]
	SetCrashKeyValueImpl [0x15065758+42259992]
	SetCrashKeyValueImpl [0x14BE7AFD+37550525]
	SetCrashKeyValueImpl [0x152D94E1+44831649]
	SetCrashKeyValueImpl [0x152D9A42+44833026]
	SetCrashKeyValueImpl [0x1522C8C6+44124038]
	SetCrashKeyValueImpl [0x1522FA2C+44136684]
	SetCrashKeyValueImpl [0x1522FE69+44137769]
	SetCrashKeyValueImpl [0x15368AAD+45418861]
	SetCrashKeyValueImpl [0x1536F142+45445122]
	SetCrashKeyValueImpl [0x1536CFF8+45436600]
	SetCrashKeyValueImpl [0x1536E892+45442898]
	cef_string_list_value [0x1027073F+194687]
	cef_trace_event_instant [0x105C3F13+1741891]
	cef_trace_event_instant [0x104E78D4+839172]
	cef_trace_event_instant [0x104E58C4+830964]
	cef_trace_event_instant [0x104E5EAD+832477]
	cef_trace_event_instant [0x105CB63B+1772395]
	cef_trace_event_instant [0x104E76F7+838695]
	cef_trace_event_instant [0x105561FE+1292078]
	cef_trace_event_instant [0x104E75AB+838363]
	IsSandboxedProcess [0x161F5C56+7569254]
	SetCrashKeyValueImpl [0x148D5039+34328313]
	SetCrashKeyValueImpl [0x148D4F0F+34328015]
	SetCrashKeyValueImpl [0x148D3360+34320928]
	cef_string_list_value [0x1026C188+176840]
	cef_execute_process [0x101B3285+213]
	CefExecuteProcess [0x00EE5E86+278]
	CWUWebCoreApp::Run [0x00ED9B15+165] (e:\workspace\c++\desktopdev\webuiframework\webuicore\wuwebcoreapp.cpp:27)
	Run [0x00EC090B+123] (e:\workspace\c++\desktopdev\webuiframework\webuicore\webuicore.cpp:60)
	wWinMain [0x00ED4213+51] (e:\workspace\c++\desktopdev\webuiframework\webuicore\webuicore.cpp:75)
	__tmainCRTStartup [0x00F8F388+296] (f:\dd\vctools\crt\crtw32\startup\crt0.c:251)
	wWinMainCRTStartup [0x00F8F4CD+13] (f:\dd\vctools\crt\crtw32\startup\crt0.c:165)
	BaseThreadInitThunk [0x7643919F+14]
	RtlInitializeExceptionChain [0x77EDB5AF+143]
	RtlInitializeExceptionChain [0x77EDB57A+90]

[0212/181843:WARNING:channel.cc(188)] WriteMessage() while shutting down
[0212/181843:WARNING:message_in_transit_queue.cc(18)] Destroying nonempty message queue
[0212/181848:FATAL:libcef_dll.cc(190)] Check failed: base::AtomicRefCountIsZero(&CefBrowserCppToC::DebugObjCt). 
Backtrace:
	cef_trace_event_instant [0x10587E51+1495937]
	cef_trace_event_instant [0x104BE6DF+670735]
	cef_shutdown [0x101B4A40+704]
	CefShutdown [0x00A44DB7+71]
	CWUWebApp::Run [0x00A380FE+766] (e:\workspace\c++\desktopdev\webuiframework\webuiapplication\wuwebapp.cpp:43)
	Run [0x00A2DAFB+219] (e:\workspace\c++\desktopdev\webuiframework\webuiapplication\webuiapplication.cpp:72)
	wWinMain [0x00A317D3+51] (e:\workspace\c++\desktopdev\webuiframework\webuiapplication\webuiapplication.cpp:91)
	__tmainCRTStartup [0x00ACE1F8+296] (f:\dd\vctools\crt\crtw32\startup\crt0.c:251)
	wWinMainCRTStartup [0x00ACE33D+13] (f:\dd\vctools\crt\crtw32\startup\crt0.c:165)
	BaseThreadInitThunk [0x7643919F+14]
	RtlInitializeExceptionChain [0x77EDB5AF+143]
	RtlInitializeExceptionChain [0x77EDB57A+90]

[0212/181955:FATAL:libcef_dll_wrapper.cc(182)] Check failed: base::AtomicRefCountIsZero(&CefBrowserCToCpp::DebugObjCt). 

Backtrace:
	cef_trace_event_instant [0x10587E51+1495937]
	cef_trace_event_instant [0x104BE6DF+670735]
	cef_log [0x10418212+82]
	cef::logging::LogMessage::~LogMessage [0x00A4A860+112]
	CefShutdown [0x00A4503B+715]
	CWUWebApp::Run [0x00A380FE+766] (e:\workspace\c++\desktopdev\webuiframework\webuiapplication\wuwebapp.cpp:43)
	Run [0x00A2DAFB+219] (e:\workspace\c++\desktopdev\webuiframework\webuiapplication\webuiapplication.cpp:72)
	wWinMain [0x00A317D3+51] (e:\workspace\c++\desktopdev\webuiframework\webuiapplication\webuiapplication.cpp:91)
	__tmainCRTStartup [0x00ACE1F8+296] (f:\dd\vctools\crt\crtw32\startup\crt0.c:251)
	wWinMainCRTStartup [0x00ACE33D+13] (f:\dd\vctools\crt\crtw32\startup\crt0.c:165)
	BaseThreadInitThunk [0x7643919F+14]
	RtlInitializeExceptionChain [0x77EDB5AF+143]
	RtlInitializeExceptionChain [0x77EDB57A+90]

[0212/182010:ERROR:main_delegate.cc(588)] Could not load cef_100_percent.pak
[0212/182011:ERROR:main_delegate.cc(588)] Could not load cef_100_percent.pak
[0212/182012:ERROR:main_delegate.cc(588)] Could not load cef_100_percent.pak
[0212/182012:ERROR:renderer_main.cc(207)] Running without renderer sandbox
[0212/182014:ERROR:singleton_hwnd.cc(43)] Cannot create windows on non-UI thread!
[0212/182014:WARNING:resource_bundle.cc(403)] Unable to load image with id 5830
[0212/182014:FATAL:resource_bundle.cc(404)] Check failed: false. 
Backtrace:
	cef_trace_event_instant [0x10587E51+1495937]
	cef_trace_event_instant [0x104BE6DF+670735]
	SetCrashKeyValueImpl [0x130544B6+8635254]
	SetCrashKeyValueImpl [0x13054663+8635683]
	IsSandboxedProcess [0x15C6919B+1750187]
	IsSandboxedProcess [0x15C690BD+1749965]
	SetCrashKeyValueImpl [0x1434F006+28536518]
	SetCrashKeyValueImpl [0x1434EFE9+28536489]
	SetCrashKeyValueImpl [0x1434F0C1+28536705]
	SetCrashKeyValueImpl [0x14349D2E+28515310]
	SetCrashKeyValueImpl [0x1434896E+28510254]
	SetCrashKeyValueImpl [0x142C21DF+27959455]
	SetCrashKeyValueImpl [0x14E08FCD+39784077]
	SetCrashKeyValueImpl [0x15065758+42259992]
	SetCrashKeyValueImpl [0x14BE7AFD+37550525]
	SetCrashKeyValueImpl [0x152D94E1+44831649]
	SetCrashKeyValueImpl [0x152D9A42+44833026]
	SetCrashKeyValueImpl [0x1522C8C6+44124038]
	SetCrashKeyValueImpl [0x1522FA2C+44136684]
	SetCrashKeyValueImpl [0x1522FE69+44137769]
	SetCrashKeyValueImpl [0x15368AAD+45418861]
	SetCrashKeyValueImpl [0x1536F142+45445122]
	SetCrashKeyValueImpl [0x1536CFF8+45436600]
	SetCrashKeyValueImpl [0x1536E892+45442898]
	cef_string_list_value [0x1027073F+194687]
	cef_trace_event_instant [0x105C3F13+1741891]
	cef_trace_event_instant [0x104E78D4+839172]
	cef_trace_event_instant [0x104E58C4+830964]
	cef_trace_event_instant [0x104E5EAD+832477]
	cef_trace_event_instant [0x105CB63B+1772395]
	cef_trace_event_instant [0x104E76F7+838695]
	cef_trace_event_instant [0x105561FE+1292078]
	cef_trace_event_instant [0x104E75AB+838363]
	IsSandboxedProcess [0x161F5C56+7569254]
	SetCrashKeyValueImpl [0x148D5039+34328313]
	SetCrashKeyValueImpl [0x148D4F0F+34328015]
	SetCrashKeyValueImpl [0x148D3360+34320928]
	cef_string_list_value [0x1026C188+176840]
	cef_execute_process [0x101B3285+213]
	CefExecuteProcess [0x00D65E86+278]
	CWUWebCoreApp::Run [0x00D59B15+165] (e:\workspace\c++\desktopdev\webuiframework\webuicore\wuwebcoreapp.cpp:27)
	Run [0x00D4090B+123] (e:\workspace\c++\desktopdev\webuiframework\webuicore\webuicore.cpp:60)
	wWinMain [0x00D54213+51] (e:\workspace\c++\desktopdev\webuiframework\webuicore\webuicore.cpp:75)
	__tmainCRTStartup [0x00E0F388+296] (f:\dd\vctools\crt\crtw32\startup\crt0.c:251)
	wWinMainCRTStartup [0x00E0F4CD+13] (f:\dd\vctools\crt\crtw32\startup\crt0.c:165)
	BaseThreadInitThunk [0x7643919F+14]
	RtlInitializeExceptionChain [0x77EDB5AF+143]
	RtlInitializeExceptionChain [0x77EDB57A+90]

[0212/182016:WARNING:channel.cc(188)] WriteMessage() while shutting down
[0212/182016:WARNING:message_in_transit_queue.cc(18)] Destroying nonempty message queue
[0212/182025:FATAL:libcef_dll.cc(190)] Check failed: base::AtomicRefCountIsZero(&CefBrowserCppToC::DebugObjCt). 
Backtrace:
	cef_trace_event_instant [0x10587E51+1495937]
	cef_trace_event_instant [0x104BE6DF+670735]
	cef_shutdown [0x101B4A40+704]
	CefShutdown [0x00D14DB7+71]
	CWUWebApp::Run [0x00D080FE+766] (e:\workspace\c++\desktopdev\webuiframework\webuiapplication\wuwebapp.cpp:43)
	Run [0x00CFDAFB+219] (e:\workspace\c++\desktopdev\webuiframework\webuiapplication\webuiapplication.cpp:72)
	wWinMain [0x00D017D3+51] (e:\workspace\c++\desktopdev\webuiframework\webuiapplication\webuiapplication.cpp:91)
	__tmainCRTStartup [0x00D9E1F8+296] (f:\dd\vctools\crt\crtw32\startup\crt0.c:251)
	wWinMainCRTStartup [0x00D9E33D+13] (f:\dd\vctools\crt\crtw32\startup\crt0.c:165)
	BaseThreadInitThunk [0x7643919F+14]
	RtlInitializeExceptionChain [0x77EDB5AF+143]
	RtlInitializeExceptionChain [0x77EDB57A+90]

[0212/182137:ERROR:main_delegate.cc(588)] Could not load cef_100_percent.pak
[0212/182137:ERROR:main_delegate.cc(588)] Could not load cef_100_percent.pak
[0212/182137:ERROR:main_delegate.cc(588)] Could not load cef_100_percent.pak
[0212/182137:ERROR:renderer_main.cc(207)] Running without renderer sandbox
[0212/182140:ERROR:singleton_hwnd.cc(43)] Cannot create windows on non-UI thread!
[0212/182140:WARNING:resource_bundle.cc(403)] Unable to load image with id 5830
[0212/182140:FATAL:resource_bundle.cc(404)] Check failed: false. 
Backtrace:
	cef_trace_event_instant [0x10587E51+1495937]
	cef_trace_event_instant [0x104BE6DF+670735]
	SetCrashKeyValueImpl [0x130544B6+8635254]
	SetCrashKeyValueImpl [0x13054663+8635683]
	IsSandboxedProcess [0x15C6919B+1750187]
	IsSandboxedProcess [0x15C690BD+1749965]
	SetCrashKeyValueImpl [0x1434F006+28536518]
	SetCrashKeyValueImpl [0x1434EFE9+28536489]
	SetCrashKeyValueImpl [0x1434F0C1+28536705]
	SetCrashKeyValueImpl [0x14349D2E+28515310]
	SetCrashKeyValueImpl [0x1434896E+28510254]
	SetCrashKeyValueImpl [0x142C21DF+27959455]
	SetCrashKeyValueImpl [0x14E08FCD+39784077]
	SetCrashKeyValueImpl [0x15065758+42259992]
	SetCrashKeyValueImpl [0x14BE7AFD+37550525]
	SetCrashKeyValueImpl [0x152D94E1+44831649]
	SetCrashKeyValueImpl [0x152D9A42+44833026]
	SetCrashKeyValueImpl [0x1522C8C6+44124038]
	SetCrashKeyValueImpl [0x1522FA2C+44136684]
	SetCrashKeyValueImpl [0x1522FE69+44137769]
	SetCrashKeyValueImpl [0x15368AAD+45418861]
	SetCrashKeyValueImpl [0x1536F142+45445122]
	SetCrashKeyValueImpl [0x1536CFF8+45436600]
	SetCrashKeyValueImpl [0x1536E892+45442898]
	cef_string_list_value [0x1027073F+194687]
	cef_trace_event_instant [0x105C3F13+1741891]
	cef_trace_event_instant [0x104E78D4+839172]
	cef_trace_event_instant [0x104E58C4+830964]
	cef_trace_event_instant [0x104E5EAD+832477]
	cef_trace_event_instant [0x105CB63B+1772395]
	cef_trace_event_instant [0x104E76F7+838695]
	cef_trace_event_instant [0x105561FE+1292078]
	cef_trace_event_instant [0x104E75AB+838363]
	IsSandboxedProcess [0x161F5C56+7569254]
	SetCrashKeyValueImpl [0x148D5039+34328313]
	SetCrashKeyValueImpl [0x148D4F0F+34328015]
	SetCrashKeyValueImpl [0x148D3360+34320928]
	cef_string_list_value [0x1026C188+176840]
	cef_execute_process [0x101B3285+213]
	CefExecuteProcess [0x00D65E86+278]
	CWUWebCoreApp::Run [0x00D59B15+165] (e:\workspace\c++\desktopdev\webuiframework\webuicore\wuwebcoreapp.cpp:27)
	Run [0x00D4090B+123] (e:\workspace\c++\desktopdev\webuiframework\webuicore\webuicore.cpp:60)
	wWinMain [0x00D54213+51] (e:\workspace\c++\desktopdev\webuiframework\webuicore\webuicore.cpp:75)
	__tmainCRTStartup [0x00E0F388+296] (f:\dd\vctools\crt\crtw32\startup\crt0.c:251)
	wWinMainCRTStartup [0x00E0F4CD+13] (f:\dd\vctools\crt\crtw32\startup\crt0.c:165)
	BaseThreadInitThunk [0x7643919F+14]
	RtlInitializeExceptionChain [0x77EDB5AF+143]
	RtlInitializeExceptionChain [0x77EDB57A+90]

[0212/182141:WARNING:channel.cc(188)] WriteMessage() while shutting down
[0212/182141:WARNING:message_in_transit_queue.cc(18)] Destroying nonempty message queue
[0212/184520:ERROR:main_delegate.cc(588)] Could not load cef_100_percent.pak
[0212/184521:ERROR:main_delegate.cc(588)] Could not load cef_100_percent.pak
[0212/184521:ERROR:main_delegate.cc(588)] Could not load cef_100_percent.pak
[0212/184521:ERROR:renderer_main.cc(207)] Running without renderer sandbox
[0212/184523:ERROR:singleton_hwnd.cc(43)] Cannot create windows on non-UI thread!
[0212/184523:WARNING:resource_bundle.cc(403)] Unable to load image with id 5830
[0212/184523:FATAL:resource_bundle.cc(404)] Check failed: false. 
Backtrace:
	cef_trace_event_instant [0x10587E51+1495937]
	cef_trace_event_instant [0x104BE6DF+670735]
	SetCrashKeyValueImpl [0x130544B6+8635254]
	SetCrashKeyValueImpl [0x13054663+8635683]
	IsSandboxedProcess [0x15C6919B+1750187]
	IsSandboxedProcess [0x15C690BD+1749965]
	SetCrashKeyValueImpl [0x1434F006+28536518]
	SetCrashKeyValueImpl [0x1434EFE9+28536489]
	SetCrashKeyValueImpl [0x1434F0C1+28536705]
	SetCrashKeyValueImpl [0x14349D2E+28515310]
	SetCrashKeyValueImpl [0x1434896E+28510254]
	SetCrashKeyValueImpl [0x142C21DF+27959455]
	SetCrashKeyValueImpl [0x14E08FCD+39784077]
	SetCrashKeyValueImpl [0x15065758+42259992]
	SetCrashKeyValueImpl [0x14BE7AFD+37550525]
	SetCrashKeyValueImpl [0x152D94E1+44831649]
	SetCrashKeyValueImpl [0x152D9A42+44833026]
	SetCrashKeyValueImpl [0x1522C8C6+44124038]
	SetCrashKeyValueImpl [0x1522FA2C+44136684]
	SetCrashKeyValueImpl [0x1522FE69+44137769]
	SetCrashKeyValueImpl [0x15368AAD+45418861]
	SetCrashKeyValueImpl [0x1536F142+45445122]
	SetCrashKeyValueImpl [0x1536CFF8+45436600]
	SetCrashKeyValueImpl [0x1536E892+45442898]
	cef_string_list_value [0x1027073F+194687]
	cef_trace_event_instant [0x105C3F13+1741891]
	cef_trace_event_instant [0x104E78D4+839172]
	cef_trace_event_instant [0x104E58C4+830964]
	cef_trace_event_instant [0x104E5EAD+832477]
	cef_trace_event_instant [0x105CB63B+1772395]
	cef_trace_event_instant [0x104E76F7+838695]
	cef_trace_event_instant [0x105561FE+1292078]
	cef_trace_event_instant [0x104E75AB+838363]
	IsSandboxedProcess [0x161F5C56+7569254]
	SetCrashKeyValueImpl [0x148D5039+34328313]
	SetCrashKeyValueImpl [0x148D4F0F+34328015]
	SetCrashKeyValueImpl [0x148D3360+34320928]
	cef_string_list_value [0x1026C188+176840]
	cef_execute_process [0x101B3285+213]
	CefExecuteProcess [0x00D65E86+278]
	CWUWebCoreApp::Run [0x00D59B15+165] (e:\workspace\c++\desktopdev\webuiframework\webuicore\wuwebcoreapp.cpp:27)
	Run [0x00D4090B+123] (e:\workspace\c++\desktopdev\webuiframework\webuicore\webuicore.cpp:60)
	wWinMain [0x00D54213+51] (e:\workspace\c++\desktopdev\webuiframework\webuicore\webuicore.cpp:75)
	__tmainCRTStartup [0x00E0F388+296] (f:\dd\vctools\crt\crtw32\startup\crt0.c:251)
	wWinMainCRTStartup [0x00E0F4CD+13] (f:\dd\vctools\crt\crtw32\startup\crt0.c:165)
	BaseThreadInitThunk [0x7643919F+14]
	RtlInitializeExceptionChain [0x77EDB5AF+143]
	RtlInitializeExceptionChain [0x77EDB57A+90]

[0212/184524:WARNING:channel.cc(188)] WriteMessage() while shutting down
[0212/184524:WARNING:message_in_transit_queue.cc(18)] Destroying nonempty message queue
[0212/184838:ERROR:renderer_main.cc(207)] Running without renderer sandbox
[0212/184840:ERROR:singleton_hwnd.cc(43)] Cannot create windows on non-UI thread!
[0212/184842:INFO:CONSOLE(90)] "一张网页，要经历怎样的过程，才能抵达用户面前？
一位新人，要经历怎样的成长，才能站在技术之巅？
探寻这里的秘密；
体验这里的挑战；
成为这里的主人；
加入百度，加入网页搜索，你，可以影响世界。
", source: http://s1.bdstatic.com/r/www/cache/static/global/js/all_instant_search1_508f54dd.js (90)
[0212/184842:INFO:CONSOLE(90)] "请将简历发送至 %c ps_recruiter@baidu.com（ 邮件标题请以“姓名-应聘XX职位-来自console”命名）", source: http://s1.bdstatic.com/r/www/cache/static/global/js/all_instant_search1_508f54dd.js (90)
[0212/184842:INFO:CONSOLE(90)] "职位介绍：http://dwz.cn/hr2013", source: http://s1.bdstatic.com/r/www/cache/static/global/js/all_instant_search1_508f54dd.js (90)
[0212/184849:WARNING:message_in_transit_queue.cc(18)] Destroying nonempty message queue
[0212/184849:FATAL:proxy_script_decider.cc(471)] Check failed: false. 
Backtrace:
	cef_trace_event_instant [0x10587E51+1495937]
	cef_trace_event_instant [0x104BE6DF+670735]
	SetCrashKeyValueImpl [0x12C8025D+4620573]
	SetCrashKeyValueImpl [0x12C7F86F+4618031]
	SetCrashKeyValueImpl [0x12AE51D6+2936982]
	SetCrashKeyValueImpl [0x12AE4AB6+2935158]
	SetCrashKeyValueImpl [0x12AE3274+2928948]
	SetCrashKeyValueImpl [0x12AE30D6+2928534]
	SetCrashKeyValueImpl [0x12AE363A+2929914]
	SetCrashKeyValueImpl [0x12AE5216+2937046]
	SetCrashKeyValueImpl [0x12AE4B16+2935254]
	SetCrashKeyValueImpl [0x12AE32B4+2929012]
	SetCrashKeyValueImpl [0x12AE3106+2928582]
	SetCrashKeyValueImpl [0x12AE37D1+2930321]
	SetCrashKeyValueImpl [0x12AE5256+2937110]
	cef_time_to_timet [0x103B053E+793118]
	cef_time_to_timet [0x103B5FCF+816303]
	cef_time_to_timet [0x103B5D5A+815674]
	SetCrashKeyValueImpl [0x12B0A5CB+3089547]
	cef_time_to_timet [0x103AF14E+788014]
	cef_time_to_timet [0x103B08D6+794038]
	SetCrashKeyValueImpl [0x129EB83F+1914623]
	cef_trace_event_instant [0x104C9697+715719]
	cef_trace_event_instant [0x104C9528+715352]
	cef_trace_event_instant [0x104C9655+715653]
	cef_string_list_value [0x1027073F+194687]
	cef_trace_event_instant [0x105C3F13+1741891]
	cef_trace_event_instant [0x104E78D4+839172]
	cef_trace_event_instant [0x104E58C4+830964]
	cef_trace_event_instant [0x104E5EAD+832477]
	cef_trace_event_instant [0x105C7A32+1757026]
	cef_trace_event_instant [0x105C9012+1762626]
	cef_trace_event_instant [0x105C8F7C+1762476]
	cef_trace_event_instant [0x104E76F7+838695]
	cef_trace_event_instant [0x105561FE+1292078]
	cef_trace_event_instant [0x104E75AB+838363]
	cef_trace_event_instant [0x10556A86+1294262]
	SetCrashKeyValueImpl [0x130F0894+9275220]
	SetCrashKeyValueImpl [0x130F190B+9279435]
	cef_trace_event_instant [0x10557405+1296693]
	cef_trace_event_instant [0x104DED3B+803435]
	BaseThreadInitThunk [0x7643919F+14]
	RtlInitializeExceptionChain [0x77EDB5AF+143]
	RtlInitializeExceptionChain [0x77EDB57A+90]

[0212/185011:ERROR:renderer_main.cc(207)] Running without renderer sandbox
[0212/185013:INFO:CONSOLE(90)] "一张网页，要经历怎样的过程，才能抵达用户面前？
一位新人，要经历怎样的成长，才能站在技术之巅？
探寻这里的秘密；
体验这里的挑战；
成为这里的主人；
加入百度，加入网页搜索，你，可以影响世界。
", source: http://s1.bdstatic.com/r/www/cache/static/global/js/all_instant_search1_508f54dd.js (90)
[0212/185013:INFO:CONSOLE(90)] "请将简历发送至 %c ps_recruiter@baidu.com（ 邮件标题请以“姓名-应聘XX职位-来自console”命名）", source: http://s1.bdstatic.com/r/www/cache/static/global/js/all_instant_search1_508f54dd.js (90)
[0212/185013:INFO:CONSOLE(90)] "职位介绍：http://dwz.cn/hr2013", source: http://s1.bdstatic.com/r/www/cache/static/global/js/all_instant_search1_508f54dd.js (90)
[0212/185019:WARNING:message_in_transit_queue.cc(18)] Destroying nonempty message queue
[0212/185029:ERROR:renderer_main.cc(207)] Running without renderer sandbox
[0212/185031:INFO:CONSOLE(90)] "一张网页，要经历怎样的过程，才能抵达用户面前？
一位新人，要经历怎样的成长，才能站在技术之巅？
探寻这里的秘密；
体验这里的挑战；
成为这里的主人；
加入百度，加入网页搜索，你，可以影响世界。
", source: http://s1.bdstatic.com/r/www/cache/static/global/js/all_instant_search1_508f54dd.js (90)
[0212/185031:INFO:CONSOLE(90)] "请将简历发送至 %c ps_recruiter@baidu.com（ 邮件标题请以“姓名-应聘XX职位-来自console”命名）", source: http://s1.bdstatic.com/r/www/cache/static/global/js/all_instant_search1_508f54dd.js (90)
[0212/185031:INFO:CONSOLE(90)] "职位介绍：http://dwz.cn/hr2013", source: http://s1.bdstatic.com/r/www/cache/static/global/js/all_instant_search1_508f54dd.js (90)
[0212/185032:WARNING:message_in_transit_queue.cc(18)] Destroying nonempty message queue
[0212/185036:ERROR:renderer_main.cc(207)] Running without renderer sandbox
[0212/185038:ERROR:singleton_hwnd.cc(43)] Cannot create windows on non-UI thread!
[0212/185039:INFO:CONSOLE(90)] "一张网页，要经历怎样的过程，才能抵达用户面前？
一位新人，要经历怎样的成长，才能站在技术之巅？
探寻这里的秘密；
体验这里的挑战；
成为这里的主人；
加入百度，加入网页搜索，你，可以影响世界。
", source: http://s1.bdstatic.com/r/www/cache/static/global/js/all_instant_search1_508f54dd.js (90)
[0212/185039:INFO:CONSOLE(90)] "请将简历发送至 %c ps_recruiter@baidu.com（ 邮件标题请以“姓名-应聘XX职位-来自console”命名）", source: http://s1.bdstatic.com/r/www/cache/static/global/js/all_instant_search1_508f54dd.js (90)
[0212/185039:INFO:CONSOLE(90)] "职位介绍：http://dwz.cn/hr2013", source: http://s1.bdstatic.com/r/www/cache/static/global/js/all_instant_search1_508f54dd.js (90)
[0212/185110:WARNING:message_in_transit_queue.cc(18)] Destroying nonempty message queue
[0212/185110:FATAL:libcef_dll.cc(190)] Check failed: base::AtomicRefCountIsZero(&CefBrowserCppToC::DebugObjCt). 
Backtrace:
	cef_trace_event_instant [0x10587E51+1495937]
	cef_trace_event_instant [0x104BE6DF+670735]
	cef_shutdown [0x101B4A40+704]
	CefShutdown [0x00184DB7+71]
	CWUWebApp::Run [0x001780FE+766] (e:\workspace\c++\desktopdev\webuiframework\webuiapplication\wuwebapp.cpp:43)
	Run [0x0016DAFB+219] (e:\workspace\c++\desktopdev\webuiframework\webuiapplication\webuiapplication.cpp:72)
	wWinMain [0x001717D3+51] (e:\workspace\c++\desktopdev\webuiframework\webuiapplication\webuiapplication.cpp:91)
	__tmainCRTStartup [0x0020E1F8+296] (f:\dd\vctools\crt\crtw32\startup\crt0.c:251)
	wWinMainCRTStartup [0x0020E33D+13] (f:\dd\vctools\crt\crtw32\startup\crt0.c:165)
	BaseThreadInitThunk [0x7643919F+14]
	RtlInitializeExceptionChain [0x77EDB5AF+143]
	RtlInitializeExceptionChain [0x77EDB57A+90]

[0212/185112:FATAL:libcef_dll_wrapper.cc(182)] Check failed: base::AtomicRefCountIsZero(&CefBrowserCToCpp::DebugObjCt). 

Backtrace:
	cef_trace_event_instant [0x10587E51+1495937]
	cef_trace_event_instant [0x104BE6DF+670735]
	cef_log [0x10418212+82]
	cef::logging::LogMessage::~LogMessage [0x0018A860+112]
	CefShutdown [0x0018503B+715]
	CWUWebApp::Run [0x001780FE+766] (e:\workspace\c++\desktopdev\webuiframework\webuiapplication\wuwebapp.cpp:43)
	Run [0x0016DAFB+219] (e:\workspace\c++\desktopdev\webuiframework\webuiapplication\webuiapplication.cpp:72)
	wWinMain [0x001717D3+51] (e:\workspace\c++\desktopdev\webuiframework\webuiapplication\webuiapplication.cpp:91)
	__tmainCRTStartup [0x0020E1F8+296] (f:\dd\vctools\crt\crtw32\startup\crt0.c:251)
	wWinMainCRTStartup [0x0020E33D+13] (f:\dd\vctools\crt\crtw32\startup\crt0.c:165)
	BaseThreadInitThunk [0x7643919F+14]
	RtlInitializeExceptionChain [0x77EDB5AF+143]
	RtlInitializeExceptionChain [0x77EDB57A+90]

[0212/185123:ERROR:renderer_main.cc(207)] Running without renderer sandbox
[0212/185126:ERROR:singleton_hwnd.cc(43)] Cannot create windows on non-UI thread!
[0212/185126:INFO:CONSOLE(90)] "一张网页，要经历怎样的过程，才能抵达用户面前？
一位新人，要经历怎样的成长，才能站在技术之巅？
探寻这里的秘密；
体验这里的挑战；
成为这里的主人；
加入百度，加入网页搜索，你，可以影响世界。
", source: http://s1.bdstatic.com/r/www/cache/static/global/js/all_instant_search1_508f54dd.js (90)
[0212/185126:INFO:CONSOLE(90)] "请将简历发送至 %c ps_recruiter@baidu.com（ 邮件标题请以“姓名-应聘XX职位-来自console”命名）", source: http://s1.bdstatic.com/r/www/cache/static/global/js/all_instant_search1_508f54dd.js (90)
[0212/185126:INFO:CONSOLE(90)] "职位介绍：http://dwz.cn/hr2013", source: http://s1.bdstatic.com/r/www/cache/static/global/js/all_instant_search1_508f54dd.js (90)
[0212/185127:WARNING:message_in_transit_queue.cc(18)] Destroying nonempty message queue
[0212/185129:FATAL:libcef_dll.cc(190)] Check failed: base::AtomicRefCountIsZero(&CefBrowserCppToC::DebugObjCt). 
Backtrace:
	cef_trace_event_instant [0x10587E51+1495937]
	cef_trace_event_instant [0x104BE6DF+670735]
	cef_shutdown [0x101B4A40+704]
	CefShutdown [0x00184DB7+71]
	CWUWebApp::Run [0x001780FE+766] (e:\workspace\c++\desktopdev\webuiframework\webuiapplication\wuwebapp.cpp:43)
	Run [0x0016DAFB+219] (e:\workspace\c++\desktopdev\webuiframework\webuiapplication\webuiapplication.cpp:72)
	wWinMain [0x001717D3+51] (e:\workspace\c++\desktopdev\webuiframework\webuiapplication\webuiapplication.cpp:91)
	__tmainCRTStartup [0x0020E1F8+296] (f:\dd\vctools\crt\crtw32\startup\crt0.c:251)
	wWinMainCRTStartup [0x0020E33D+13] (f:\dd\vctools\crt\crtw32\startup\crt0.c:165)
	BaseThreadInitThunk [0x7643919F+14]
	RtlInitializeExceptionChain [0x77EDB5AF+143]
	RtlInitializeExceptionChain [0x77EDB57A+90]

[0212/185131:FATAL:libcef_dll_wrapper.cc(182)] Check failed: base::AtomicRefCountIsZero(&CefBrowserCToCpp::DebugObjCt). 

Backtrace:
	cef_trace_event_instant [0x10587E51+1495937]
	cef_trace_event_instant [0x104BE6DF+670735]
	cef_log [0x10418212+82]
	cef::logging::LogMessage::~LogMessage [0x0018A860+112]
	CefShutdown [0x0018503B+715]
	CWUWebApp::Run [0x001780FE+766] (e:\workspace\c++\desktopdev\webuiframework\webuiapplication\wuwebapp.cpp:43)
	Run [0x0016DAFB+219] (e:\workspace\c++\desktopdev\webuiframework\webuiapplication\webuiapplication.cpp:72)
	wWinMain [0x001717D3+51] (e:\workspace\c++\desktopdev\webuiframework\webuiapplication\webuiapplication.cpp:91)
	__tmainCRTStartup [0x0020E1F8+296] (f:\dd\vctools\crt\crtw32\startup\crt0.c:251)
	wWinMainCRTStartup [0x0020E33D+13] (f:\dd\vctools\crt\crtw32\startup\crt0.c:165)
	BaseThreadInitThunk [0x7643919F+14]
	RtlInitializeExceptionChain [0x77EDB5AF+143]
	RtlInitializeExceptionChain [0x77EDB57A+90]

[0212/185152:ERROR:renderer_main.cc(207)] Running without renderer sandbox
[0212/185155:ERROR:singleton_hwnd.cc(43)] Cannot create windows on non-UI thread!
[0212/185155:INFO:CONSOLE(90)] "一张网页，要经历怎样的过程，才能抵达用户面前？
一位新人，要经历怎样的成长，才能站在技术之巅？
探寻这里的秘密；
体验这里的挑战；
成为这里的主人；
加入百度，加入网页搜索，你，可以影响世界。
", source: http://s1.bdstatic.com/r/www/cache/static/global/js/all_instant_search1_508f54dd.js (90)
[0212/185155:INFO:CONSOLE(90)] "请将简历发送至 %c ps_recruiter@baidu.com（ 邮件标题请以“姓名-应聘XX职位-来自console”命名）", source: http://s1.bdstatic.com/r/www/cache/static/global/js/all_instant_search1_508f54dd.js (90)
[0212/185155:INFO:CONSOLE(90)] "职位介绍：http://dwz.cn/hr2013", source: http://s1.bdstatic.com/r/www/cache/static/global/js/all_instant_search1_508f54dd.js (90)
[0212/185200:WARNING:message_in_transit_queue.cc(18)] Destroying nonempty message queue
[0212/185203:FATAL:libcef_dll.cc(190)] Check failed: base::AtomicRefCountIsZero(&CefBrowserCppToC::DebugObjCt). 
Backtrace:
	cef_trace_event_instant [0x10587E51+1495937]
	cef_trace_event_instant [0x104BE6DF+670735]
	cef_shutdown [0x101B4A40+704]
	CefShutdown [0x00184DB7+71]
	CWUWebApp::Run [0x001780FE+766] (e:\workspace\c++\desktopdev\webuiframework\webuiapplication\wuwebapp.cpp:43)
	Run [0x0016DAFB+219] (e:\workspace\c++\desktopdev\webuiframework\webuiapplication\webuiapplication.cpp:72)
	wWinMain [0x001717D3+51] (e:\workspace\c++\desktopdev\webuiframework\webuiapplication\webuiapplication.cpp:91)
	__tmainCRTStartup [0x0020E1F8+296] (f:\dd\vctools\crt\crtw32\startup\crt0.c:251)
	wWinMainCRTStartup [0x0020E33D+13] (f:\dd\vctools\crt\crtw32\startup\crt0.c:165)
	BaseThreadInitThunk [0x7643919F+14]
	RtlInitializeExceptionChain [0x77EDB5AF+143]
	RtlInitializeExceptionChain [0x77EDB57A+90]

[0212/185205:FATAL:libcef_dll_wrapper.cc(182)] Check failed: base::AtomicRefCountIsZero(&CefBrowserCToCpp::DebugObjCt). 

Backtrace:
	cef_trace_event_instant [0x10587E51+1495937]
	cef_trace_event_instant [0x104BE6DF+670735]
	cef_log [0x10418212+82]
	cef::logging::LogMessage::~LogMessage [0x0018A860+112]
	CefShutdown [0x0018503B+715]
	CWUWebApp::Run [0x001780FE+766] (e:\workspace\c++\desktopdev\webuiframework\webuiapplication\wuwebapp.cpp:43)
	Run [0x0016DAFB+219] (e:\workspace\c++\desktopdev\webuiframework\webuiapplication\webuiapplication.cpp:72)
	wWinMain [0x001717D3+51] (e:\workspace\c++\desktopdev\webuiframework\webuiapplication\webuiapplication.cpp:91)
	__tmainCRTStartup [0x0020E1F8+296] (f:\dd\vctools\crt\crtw32\startup\crt0.c:251)
	wWinMainCRTStartup [0x0020E33D+13] (f:\dd\vctools\crt\crtw32\startup\crt0.c:165)
	BaseThreadInitThunk [0x7643919F+14]
	RtlInitializeExceptionChain [0x77EDB5AF+143]
	RtlInitializeExceptionChain [0x77EDB57A+90]

[0212/185707:ERROR:renderer_main.cc(207)] Running without renderer sandbox
[0212/185710:ERROR:singleton_hwnd.cc(43)] Cannot create windows on non-UI thread!
[0212/185710:INFO:CONSOLE(90)] "一张网页，要经历怎样的过程，才能抵达用户面前？
一位新人，要经历怎样的成长，才能站在技术之巅？
探寻这里的秘密；
体验这里的挑战；
成为这里的主人；
加入百度，加入网页搜索，你，可以影响世界。
", source: http://s1.bdstatic.com/r/www/cache/static/global/js/all_instant_search1_508f54dd.js (90)
[0212/185710:INFO:CONSOLE(90)] "请将简历发送至 %c ps_recruiter@baidu.com（ 邮件标题请以“姓名-应聘XX职位-来自console”命名）", source: http://s1.bdstatic.com/r/www/cache/static/global/js/all_instant_search1_508f54dd.js (90)
[0212/185710:INFO:CONSOLE(90)] "职位介绍：http://dwz.cn/hr2013", source: http://s1.bdstatic.com/r/www/cache/static/global/js/all_instant_search1_508f54dd.js (90)
[0212/185729:WARNING:message_in_transit_queue.cc(18)] Destroying nonempty message queue
[0212/185729:FATAL:libcef_dll.cc(190)] Check failed: base::AtomicRefCountIsZero(&CefBrowserCppToC::DebugObjCt). 
Backtrace:
	cef_trace_event_instant [0x10587E51+1495937]
	cef_trace_event_instant [0x104BE6DF+670735]
	cef_shutdown [0x101B4A40+704]
	CefShutdown [0x00184DB7+71]
	CWUWebApp::Run [0x001780FE+766] (e:\workspace\c++\desktopdev\webuiframework\webuiapplication\wuwebapp.cpp:43)
	Run [0x0016DAFB+219] (e:\workspace\c++\desktopdev\webuiframework\webuiapplication\webuiapplication.cpp:72)
	wWinMain [0x001717D3+51] (e:\workspace\c++\desktopdev\webuiframework\webuiapplication\webuiapplication.cpp:91)
	__tmainCRTStartup [0x0020E1F8+296] (f:\dd\vctools\crt\crtw32\startup\crt0.c:251)
	wWinMainCRTStartup [0x0020E33D+13] (f:\dd\vctools\crt\crtw32\startup\crt0.c:165)
	BaseThreadInitThunk [0x7643919F+14]
	RtlInitializeExceptionChain [0x77EDB5AF+143]
	RtlInitializeExceptionChain [0x77EDB57A+90]

[0225/140004:ERROR:renderer_main.cc(207)] Running without renderer sandbox
[0225/140006:ERROR:singleton_hwnd.cc(43)] Cannot create windows on non-UI thread!
[0225/140006:INFO:CONSOLE(90)] "一张网页，要经历怎样的过程，才能抵达用户面前？
一位新人，要经历怎样的成长，才能站在技术之巅？
探寻这里的秘密；
体验这里的挑战；
成为这里的主人；
加入百度，加入网页搜索，你，可以影响世界。
", source: http://s1.bdstatic.com/r/www/cache/static/global/js/all_instant_search1_c37a68b8.js (90)
[0225/140006:INFO:CONSOLE(90)] "请将简历发送至 %c ps_recruiter@baidu.com（ 邮件标题请以“姓名-应聘XX职位-来自console”命名）", source: http://s1.bdstatic.com/r/www/cache/static/global/js/all_instant_search1_c37a68b8.js (90)
[0225/140006:INFO:CONSOLE(90)] "职位介绍：http://dwz.cn/hr2013", source: http://s1.bdstatic.com/r/www/cache/static/global/js/all_instant_search1_c37a68b8.js (90)
[0225/140007:WARNING:scoped_temp_dir.cc(17)] Could not delete temp dir in dtor.
[0225/140007:FATAL:libcef_dll.cc(190)] Check failed: base::AtomicRefCountIsZero(&CefBrowserCppToC::DebugObjCt). 
Backtrace:
	base::debug::StackTrace::StackTrace [0x10587E51+33] (e:\cef\workspace\cef3-windows-2171\download\chromium\src\base\debug\stack_trace_win.cc:209)
	logging::LogMessage::~LogMessage [0x104BE6DF+63] (e:\cef\workspace\cef3-windows-2171\download\chromium\src\base\logging.cc:549)
	cef_shutdown [0x101B4A40+704] (e:\cef\workspace\cef3-windows-2171\download\chromium\src\cef\libcef_dll\libcef_dll.cc:191)
	CefShutdown [0x00FA47D7+71]
	Run [0x00F90535+485] (e:\workspace\c++\desktopdev\webuiframework\webuiapplication\webuiapplication.cpp:84)
	wWinMain [0x00F959A3+51] (e:\workspace\c++\desktopdev\webuiframework\webuiapplication\webuiapplication.cpp:104)
	__tmainCRTStartup [0x0102F0A8+296] (f:\dd\vctools\crt\crtw32\startup\crt0.c:251)
	wWinMainCRTStartup [0x0102F1ED+13] (f:\dd\vctools\crt\crtw32\startup\crt0.c:165)
	BaseThreadInitThunk [0x76EC919F+14]
	RtlInitializeExceptionChain [0x7782B5AF+143]
	RtlInitializeExceptionChain [0x7782B57A+90]

[0225/140046:ERROR:renderer_main.cc(207)] Running without renderer sandbox
[0225/140048:ERROR:singleton_hwnd.cc(43)] Cannot create windows on non-UI thread!
[0225/140048:INFO:CONSOLE(90)] "一张网页，要经历怎样的过程，才能抵达用户面前？
一位新人，要经历怎样的成长，才能站在技术之巅？
探寻这里的秘密；
体验这里的挑战；
成为这里的主人；
加入百度，加入网页搜索，你，可以影响世界。
", source: http://s1.bdstatic.com/r/www/cache/static/global/js/all_instant_search1_c37a68b8.js (90)
[0225/140048:INFO:CONSOLE(90)] "请将简历发送至 %c ps_recruiter@baidu.com（ 邮件标题请以“姓名-应聘XX职位-来自console”命名）", source: http://s1.bdstatic.com/r/www/cache/static/global/js/all_instant_search1_c37a68b8.js (90)
[0225/140048:INFO:CONSOLE(90)] "职位介绍：http://dwz.cn/hr2013", source: http://s1.bdstatic.com/r/www/cache/static/global/js/all_instant_search1_c37a68b8.js (90)
[0225/140049:WARNING:scoped_temp_dir.cc(17)] Could not delete temp dir in dtor.
[0225/140049:FATAL:libcef_dll.cc(190)] Check failed: base::AtomicRefCountIsZero(&CefBrowserCppToC::DebugObjCt). 
Backtrace:
	base::debug::StackTrace::StackTrace [0x10587E51+33] (e:\cef\workspace\cef3-windows-2171\download\chromium\src\base\debug\stack_trace_win.cc:209)
	logging::LogMessage::~LogMessage [0x104BE6DF+63] (e:\cef\workspace\cef3-windows-2171\download\chromium\src\base\logging.cc:549)
	cef_shutdown [0x101B4A40+704] (e:\cef\workspace\cef3-windows-2171\download\chromium\src\cef\libcef_dll\libcef_dll.cc:191)
	CefShutdown [0x001D47D7+71]
	Run [0x001C057A+554] (e:\workspace\c++\desktopdev\webuiframework\webuiapplication\webuiapplication.cpp:85)
	wWinMain [0x001C59A3+51] (e:\workspace\c++\desktopdev\webuiframework\webuiapplication\webuiapplication.cpp:104)
	__tmainCRTStartup [0x0025F0A8+296] (f:\dd\vctools\crt\crtw32\startup\crt0.c:251)
	wWinMainCRTStartup [0x0025F1ED+13] (f:\dd\vctools\crt\crtw32\startup\crt0.c:165)
	BaseThreadInitThunk [0x76EC919F+14]
	RtlInitializeExceptionChain [0x7782B5AF+143]
	RtlInitializeExceptionChain [0x7782B57A+90]

[0225/164225:INFO:CONSOLE(90)] "一张网页，要经历怎样的过程，才能抵达用户面前？
一位新人，要经历怎样的成长，才能站在技术之巅？
探寻这里的秘密；
体验这里的挑战；
成为这里的主人；
加入百度，加入网页搜索，你，可以影响世界。
", source: https://ss1.bdstatic.com/5eN1bjq8AAUYm2zgoY3K/r/www/cache/static/protocol/https/global/js/all_instant_search1_c37a68b8.js (90)
[0225/164225:INFO:CONSOLE(90)] "请将简历发送至 %c ps_recruiter@baidu.com（ 邮件标题请以“姓名-应聘XX职位-来自console”命名）", source: https://ss1.bdstatic.com/5eN1bjq8AAUYm2zgoY3K/r/www/cache/static/protocol/https/global/js/all_instant_search1_c37a68b8.js (90)
[0225/164225:INFO:CONSOLE(90)] "职位介绍：http://dwz.cn/hr2013", source: https://ss1.bdstatic.com/5eN1bjq8AAUYm2zgoY3K/r/www/cache/static/protocol/https/global/js/all_instant_search1_c37a68b8.js (90)
[0225/164229:VERBOSE2:ipc_channel_win.cc(408)] sent message @04830050 on channel @0488F200 with type 65535
[0225/164229:VERBOSE2:ipc_channel_win.cc(85)] sending message @04D00000 on channel @0488F200 with type 196692 (0 in queue)
[0225/164229:VERBOSE2:ipc_channel_win.cc(408)] sent message @04D00000 on channel @0488F200 with type 196692
[0225/164229:INFO:CONSOLE(0)] "event.returnValue is deprecated. Please use the standard event.preventDefault() instead.", source:  (0)
[0225/164229:VERBOSE2:ipc_channel_win.cc(85)] sending message @04D2D360 on channel @0488F200 with type 196692 (0 in queue)
[0225/164229:VERBOSE2:ipc_channel_win.cc(408)] sent message @04D2D360 on channel @0488F200 with type 196692
[0225/164353:FATAL:notification_registrar.cc(76)] Check failed: CalledOnValidThread(). 
Backtrace:
	cef_time_delta [0x103416F1+1906865]
	cef_time_delta [0x1029957F+1218367]
	cef_time_delta [0x103D1329+2495721]
	cef_time_delta [0x103D0D26+2494182]
	cef_time_delta [0x1078C946+6408966]
	cef_time_delta [0x1078C836+6408694]
	cef_time_delta [0x107932AF+6435951]
	cef_time_delta [0x10791B66+6429990]
	cef_time_delta [0x1032C2B7+1819767]
	cef_time_delta [0x1032C278+1819704]
	cef_time_delta [0x1032C245+1819653]
	cef_time_delta [0x101E937F+496959]
	cef_time_delta [0x1032AB75+1813813]
	cef_time_delta [0x1032A83A+1812986]
	cef_time_delta [0x122AD856+34855446]
	cef_time_delta [0x122AD816+34855382]
	cef_time_delta [0x122AD7BF+34855295]
	cef_time_delta [0x122AD31A+34854106]
	cef_time_delta [0x122AC921+34851553]
	cef_browser_host_create_browser [0x100B0145+697875]
	cef_browser_host_create_browser [0x100AFAA4+696178]
	cef_browser_host_create_browser [0x100AEA0F+691933]
	cef_browser_host_create_browser [0x1000ACC5+20883]
	CefShutdown [0x009B574C+12] (e:\downloadlibs\cef_binary_3.1650.1562_windows32\libcef_dll\wrapper\libcef_dll_wrapper.cc:164)
	CWUWebApp::Run [0x009A9DE4+788] (e:\projects\webuiframework\webuiapplication\wuwebapp.cpp:44)
	Run [0x0099DCB1+209] (e:\projects\webuiframework\webuiapplication\webuiapplication.cpp:72)
	wWinMain [0x0099DD63+51] (e:\projects\webuiframework\webuiapplication\webuiapplication.cpp:91)
	__tmainCRTStartup [0x00A42565+357] (f:\dd\vctools\crt_bld\self_x86\crt\src\crt0.c:263)
	wWinMainCRTStartup [0x00A423EF+15] (f:\dd\vctools\crt_bld\self_x86\crt\src\crt0.c:182)
	BaseThreadInitThunk [0x76D3338A+18]
	RtlInitializeExceptionChain [0x77CA9F72+99]
	RtlInitializeExceptionChain [0x77CA9F45+54]

[0225/164736:INFO:CONSOLE(90)] "一张网页，要经历怎样的过程，才能抵达用户面前？
一位新人，要经历怎样的成长，才能站在技术之巅？
探寻这里的秘密；
体验这里的挑战；
成为这里的主人；
加入百度，加入网页搜索，你，可以影响世界。
", source: https://ss1.bdstatic.com/5eN1bjq8AAUYm2zgoY3K/r/www/cache/static/protocol/https/global/js/all_instant_search1_c37a68b8.js (90)
[0225/164736:INFO:CONSOLE(90)] "请将简历发送至 %c ps_recruiter@baidu.com（ 邮件标题请以“姓名-应聘XX职位-来自console”命名）", source: https://ss1.bdstatic.com/5eN1bjq8AAUYm2zgoY3K/r/www/cache/static/protocol/https/global/js/all_instant_search1_c37a68b8.js (90)
[0225/164736:INFO:CONSOLE(90)] "职位介绍：http://dwz.cn/hr2013", source: https://ss1.bdstatic.com/5eN1bjq8AAUYm2zgoY3K/r/www/cache/static/protocol/https/global/js/all_instant_search1_c37a68b8.js (90)
[0225/164737:VERBOSE2:ipc_channel_win.cc(408)] sent message @00BF1AA0 on channel @04A92400 with type 65535
[0225/164737:VERBOSE2:ipc_channel_win.cc(85)] sending message @04E96120 on channel @04A92400 with type 196692 (0 in queue)
[0225/164737:VERBOSE2:ipc_channel_win.cc(408)] sent message @04E96120 on channel @04A92400 with type 196692
[0225/164737:INFO:CONSOLE(0)] "event.returnValue is deprecated. Please use the standard event.preventDefault() instead.", source:  (0)
[0225/164737:VERBOSE2:ipc_channel_win.cc(85)] sending message @04E66C60 on channel @04A92400 with type 196692 (0 in queue)
[0225/164737:VERBOSE2:ipc_channel_win.cc(408)] sent message @04E66C60 on channel @04A92400 with type 196692
[0225/164741:FATAL:notification_registrar.cc(76)] Check failed: CalledOnValidThread(). 
Backtrace:
	cef_time_delta [0x103416F1+1906865]
	cef_time_delta [0x1029957F+1218367]
	cef_time_delta [0x103D1329+2495721]
	cef_time_delta [0x103D0D26+2494182]
	cef_time_delta [0x1078C946+6408966]
	cef_time_delta [0x1078C836+6408694]
	cef_time_delta [0x107932AF+6435951]
	cef_time_delta [0x10791B66+6429990]
	cef_time_delta [0x1032C2B7+1819767]
	cef_time_delta [0x1032C278+1819704]
	cef_time_delta [0x1032C245+1819653]
	cef_time_delta [0x101E937F+496959]
	cef_time_delta [0x1032AB75+1813813]
	cef_time_delta [0x1032A83A+1812986]
	cef_time_delta [0x122AD856+34855446]
	cef_time_delta [0x122AD816+34855382]
	cef_time_delta [0x122AD7BF+34855295]
	cef_time_delta [0x122AD31A+34854106]
	cef_time_delta [0x122AC921+34851553]
	cef_browser_host_create_browser [0x100B0145+697875]
	cef_browser_host_create_browser [0x100AFAA4+696178]
	cef_browser_host_create_browser [0x100AEA0F+691933]
	cef_browser_host_create_browser [0x1000ACC5+20883]
	CefShutdown [0x000B682C+12] (e:\downloadlibs\cef_binary_3.1650.1562_windows32\libcef_dll\wrapper\libcef_dll_wrapper.cc:164)
	CWUWebApp::Run [0x000AAEC4+788] (e:\projects\webuiframework\webuiapplication\wuwebapp.cpp:44)
	Run [0x0009ED91+209] (e:\projects\webuiframework\webuiapplication\webuiapplication.cpp:72)
	wWinMain [0x0009EE43+51] (e:\projects\webuiframework\webuiapplication\webuiapplication.cpp:91)
	__tmainCRTStartup [0x00144395+357] (f:\dd\vctools\crt_bld\self_x86\crt\src\crt0.c:263)
	wWinMainCRTStartup [0x0014421F+15] (f:\dd\vctools\crt_bld\self_x86\crt\src\crt0.c:182)
	BaseThreadInitThunk [0x76D3338A+18]
	RtlInitializeExceptionChain [0x77CA9F72+99]
	RtlInitializeExceptionChain [0x77CA9F45+54]

[0225/164951:INFO:CONSOLE(90)] "一张网页，要经历怎样的过程，才能抵达用户面前？
一位新人，要经历怎样的成长，才能站在技术之巅？
探寻这里的秘密；
体验这里的挑战；
成为这里的主人；
加入百度，加入网页搜索，你，可以影响世界。
", source: https://ss1.bdstatic.com/5eN1bjq8AAUYm2zgoY3K/r/www/cache/static/protocol/https/global/js/all_instant_search1_c37a68b8.js (90)
[0225/164951:INFO:CONSOLE(90)] "请将简历发送至 %c ps_recruiter@baidu.com（ 邮件标题请以“姓名-应聘XX职位-来自console”命名）", source: https://ss1.bdstatic.com/5eN1bjq8AAUYm2zgoY3K/r/www/cache/static/protocol/https/global/js/all_instant_search1_c37a68b8.js (90)
[0225/164951:INFO:CONSOLE(90)] "职位介绍：http://dwz.cn/hr2013", source: https://ss1.bdstatic.com/5eN1bjq8AAUYm2zgoY3K/r/www/cache/static/protocol/https/global/js/all_instant_search1_c37a68b8.js (90)
[0225/164951:INFO:CONSOLE(0)] "event.returnValue is deprecated. Please use the standard event.preventDefault() instead.", source:  (0)
[0225/164952:VERBOSE2:ipc_channel_win.cc(408)] sent message @050B1410 on channel @04BD3400 with type 65535
[0225/164952:VERBOSE2:ipc_channel_win.cc(85)] sending message @04F3E3C0 on channel @04BD3400 with type 196692 (0 in queue)
[0225/164952:VERBOSE2:ipc_channel_win.cc(408)] sent message @04F3E3C0 on channel @04BD3400 with type 196692
[0225/164952:VERBOSE2:ipc_channel_win.cc(85)] sending message @04EA3B40 on channel @04BD3400 with type 196692 (0 in queue)
[0225/164952:VERBOSE2:ipc_channel_win.cc(408)] sent message @04EA3B40 on channel @04BD3400 with type 196692
[0225/165027:INFO:CONSOLE(90)] "一张网页，要经历怎样的过程，才能抵达用户面前？
一位新人，要经历怎样的成长，才能站在技术之巅？
探寻这里的秘密；
体验这里的挑战；
成为这里的主人；
加入百度，加入网页搜索，你，可以影响世界。
", source: https://ss1.bdstatic.com/5eN1bjq8AAUYm2zgoY3K/r/www/cache/static/protocol/https/global/js/all_instant_search1_c37a68b8.js (90)
[0225/165027:INFO:CONSOLE(90)] "请将简历发送至 %c ps_recruiter@baidu.com（ 邮件标题请以“姓名-应聘XX职位-来自console”命名）", source: https://ss1.bdstatic.com/5eN1bjq8AAUYm2zgoY3K/r/www/cache/static/protocol/https/global/js/all_instant_search1_c37a68b8.js (90)
[0225/165027:INFO:CONSOLE(90)] "职位介绍：http://dwz.cn/hr2013", source: https://ss1.bdstatic.com/5eN1bjq8AAUYm2zgoY3K/r/www/cache/static/protocol/https/global/js/all_instant_search1_c37a68b8.js (90)
[0225/165027:INFO:CONSOLE(0)] "event.returnValue is deprecated. Please use the standard event.preventDefault() instead.", source:  (0)
[0225/165028:VERBOSE2:ipc_channel_win.cc(408)] sent message @05047DC0 on channel @05558400 with type 65535
[0225/165028:VERBOSE2:ipc_channel_win.cc(85)] sending message @05001420 on channel @05558400 with type 196692 (0 in queue)
[0225/165028:VERBOSE2:ipc_channel_win.cc(408)] sent message @05001420 on channel @05558400 with type 196692
[0225/165028:VERBOSE2:ipc_channel_win.cc(85)] sending message @05006AE0 on channel @05558400 with type 196692 (0 in queue)
[0225/165028:VERBOSE2:ipc_channel_win.cc(408)] sent message @05006AE0 on channel @05558400 with type 196692
[0225/165029:ERROR:tcp_listen_socket.cc(69)] Could not bind socket to 127.0.0.1:8089
[0225/165029:ERROR:cache_util_win.cc(20)] Unable to move the cache: 5
[0225/165029:ERROR:cache_util.cc(104)] Unable to move cache folder C:\Users\COLLIN~1\AppData\Local\Temp\WebUICore_Cache\GPUCache to C:\Users\COLLIN~1\AppData\Local\Temp\WebUICore_Cache\old_GPUCache_000
[0225/165029:ERROR:cache_creator.cc(115)] Unable to create cache
[0225/165029:ERROR:shader_disk_cache.cc(580)] Shader Cache Creation failed: -2
[0225/165029:ERROR:cache_util_win.cc(20)] Unable to move the cache: 5
[0225/165029:ERROR:cache_util.cc(104)] Unable to move cache folder C:\Users\COLLIN~1\AppData\Local\Temp\WebUICore_Cache to C:\Users\COLLIN~1\AppData\Local\Temp\old_WebUICore_Cache_000
[0225/165029:ERROR:cache_creator.cc(115)] Unable to create cache
[0225/165029:INFO:CONSOLE(90)] "一张网页，要经历怎样的过程，才能抵达用户面前？
一位新人，要经历怎样的成长，才能站在技术之巅？
探寻这里的秘密；
体验这里的挑战；
成为这里的主人；
加入百度，加入网页搜索，你，可以影响世界。
", source: https://ss1.bdstatic.com/5eN1bjq8AAUYm2zgoY3K/r/www/cache/static/protocol/https/global/js/all_instant_search1_c37a68b8.js (90)
[0225/165029:INFO:CONSOLE(90)] "请将简历发送至 %c ps_recruiter@baidu.com（ 邮件标题请以“姓名-应聘XX职位-来自console”命名）", source: https://ss1.bdstatic.com/5eN1bjq8AAUYm2zgoY3K/r/www/cache/static/protocol/https/global/js/all_instant_search1_c37a68b8.js (90)
[0225/165029:INFO:CONSOLE(90)] "职位介绍：http://dwz.cn/hr2013", source: https://ss1.bdstatic.com/5eN1bjq8AAUYm2zgoY3K/r/www/cache/static/protocol/https/global/js/all_instant_search1_c37a68b8.js (90)
[0225/165030:VERBOSE2:ipc_channel_win.cc(408)] sent message @04D7FAF0 on channel @0499A200 with type 65535
[0225/165030:VERBOSE2:ipc_channel_win.cc(85)] sending message @0535D7E0 on channel @0499A200 with type 196692 (0 in queue)
[0225/165030:VERBOSE2:ipc_channel_win.cc(408)] sent message @0535D7E0 on channel @0499A200 with type 196692
[0225/165030:INFO:CONSOLE(0)] "event.returnValue is deprecated. Please use the standard event.preventDefault() instead.", source:  (0)
[0225/165030:VERBOSE2:ipc_channel_win.cc(85)] sending message @052F4A20 on channel @0499A200 with type 196692 (0 in queue)
[0225/165030:VERBOSE2:ipc_channel_win.cc(408)] sent message @052F4A20 on channel @0499A200 with type 196692
[0225/165034:ERROR:tcp_listen_socket.cc(69)] Could not bind socket to 127.0.0.1:8089
[0225/165034:ERROR:cache_util_win.cc(20)] Unable to move the cache: 5
[0225/165034:ERROR:cache_util.cc(104)] Unable to move cache folder C:\Users\COLLIN~1\AppData\Local\Temp\WebUICore_Cache\GPUCache to C:\Users\COLLIN~1\AppData\Local\Temp\WebUICore_Cache\old_GPUCache_000
[0225/165034:ERROR:cache_creator.cc(115)] Unable to create cache
[0225/165034:ERROR:shader_disk_cache.cc(580)] Shader Cache Creation failed: -2
[0225/165034:ERROR:cache_util_win.cc(20)] Unable to move the cache: 5
[0225/165034:ERROR:cache_util.cc(104)] Unable to move cache folder C:\Users\COLLIN~1\AppData\Local\Temp\WebUICore_Cache to C:\Users\COLLIN~1\AppData\Local\Temp\old_WebUICore_Cache_000
[0225/165034:ERROR:cache_creator.cc(115)] Unable to create cache
[0225/165034:INFO:CONSOLE(90)] "一张网页，要经历怎样的过程，才能抵达用户面前？
一位新人，要经历怎样的成长，才能站在技术之巅？
探寻这里的秘密；
体验这里的挑战；
成为这里的主人；
加入百度，加入网页搜索，你，可以影响世界。
", source: https://ss1.bdstatic.com/5eN1bjq8AAUYm2zgoY3K/r/www/cache/static/protocol/https/global/js/all_instant_search1_c37a68b8.js (90)
[0225/165034:INFO:CONSOLE(90)] "请将简历发送至 %c ps_recruiter@baidu.com（ 邮件标题请以“姓名-应聘XX职位-来自console”命名）", source: https://ss1.bdstatic.com/5eN1bjq8AAUYm2zgoY3K/r/www/cache/static/protocol/https/global/js/all_instant_search1_c37a68b8.js (90)
[0225/165034:INFO:CONSOLE(90)] "职位介绍：http://dwz.cn/hr2013", source: https://ss1.bdstatic.com/5eN1bjq8AAUYm2zgoY3K/r/www/cache/static/protocol/https/global/js/all_instant_search1_c37a68b8.js (90)
[0225/165035:INFO:CONSOLE(0)] "event.returnValue is deprecated. Please use the standard event.preventDefault() instead.", source:  (0)
[0225/165035:VERBOSE2:ipc_channel_win.cc(408)] sent message @0523EF00 on channel @051DC400 with type 65535
[0225/165035:VERBOSE2:ipc_channel_win.cc(85)] sending message @049DAF60 on channel @051DC400 with type 196692 (0 in queue)
[0225/165035:VERBOSE2:ipc_channel_win.cc(408)] sent message @049DAF60 on channel @051DC400 with type 196692
[0225/165035:VERBOSE2:ipc_channel_win.cc(85)] sending message @049DF0C0 on channel @051DC400 with type 196692 (0 in queue)
[0225/165035:VERBOSE2:ipc_channel_win.cc(408)] sent message @049DF0C0 on channel @051DC400 with type 196692
[0225/165040:FATAL:notification_registrar.cc(76)] Check failed: CalledOnValidThread(). 
Backtrace:
	cef_time_delta [0x103416F1+1906865]
	cef_time_delta [0x1029957F+1218367]
	cef_time_delta [0x103D1329+2495721]
	cef_time_delta [0x103D0D26+2494182]
	cef_time_delta [0x1078C946+6408966]
	cef_time_delta [0x1078C836+6408694]
	cef_time_delta [0x107932AF+6435951]
	cef_time_delta [0x10791B66+6429990]
	cef_time_delta [0x1032C2B7+1819767]
	cef_time_delta [0x1032C278+1819704]
	cef_time_delta [0x1032C245+1819653]
	cef_time_delta [0x101E937F+496959]
	cef_time_delta [0x1032AB75+1813813]
	cef_time_delta [0x1032A83A+1812986]
	cef_time_delta [0x122AD856+34855446]
	cef_time_delta [0x122AD816+34855382]
	cef_time_delta [0x122AD7BF+34855295]
	cef_time_delta [0x122AD31A+34854106]
	cef_time_delta [0x122AC921+34851553]
	cef_browser_host_create_browser [0x100B0145+697875]
	cef_browser_host_create_browser [0x100AFAA4+696178]
	cef_browser_host_create_browser [0x100AEA0F+691933]
	cef_browser_host_create_browser [0x1000ACC5+20883]
	CefShutdown [0x000C683C+12] (e:\downloadlibs\cef_binary_3.1650.1562_windows32\libcef_dll\wrapper\libcef_dll_wrapper.cc:164)
	CWUWebApp::Run [0x000BAECB+795] (e:\projects\webuiframework\webuiapplication\wuwebapp.cpp:45)
	Run [0x000AED91+209] (e:\projects\webuiframework\webuiapplication\webuiapplication.cpp:72)
	wWinMain [0x000AEE43+51] (e:\projects\webuiframework\webuiapplication\webuiapplication.cpp:91)
	__tmainCRTStartup [0x001543A5+357] (f:\dd\vctools\crt_bld\self_x86\crt\src\crt0.c:263)
	wWinMainCRTStartup [0x0015422F+15] (f:\dd\vctools\crt_bld\self_x86\crt\src\crt0.c:182)
	BaseThreadInitThunk [0x76D3338A+18]
	RtlInitializeExceptionChain [0x77CA9F72+99]
	RtlInitializeExceptionChain [0x77CA9F45+54]

[0225/165041:FATAL:notification_registrar.cc(76)] Check failed: CalledOnValidThread(). 
Backtrace:
	cef_time_delta [0x103416F1+1906865]
	cef_time_delta [0x1029957F+1218367]
	cef_time_delta [0x103D1329+2495721]
	cef_time_delta [0x103D0D26+2494182]
	cef_time_delta [0x1078C946+6408966]
	cef_time_delta [0x1078C836+6408694]
	cef_time_delta [0x107932AF+6435951]
	cef_time_delta [0x10791B66+6429990]
	cef_time_delta [0x1032C2B7+1819767]
	cef_time_delta [0x1032C278+1819704]
	cef_time_delta [0x1032C245+1819653]
	cef_time_delta [0x101E937F+496959]
	cef_time_delta [0x1032AB75+1813813]
	cef_time_delta [0x1032A83A+1812986]
	cef_time_delta [0x122AD856+34855446]
	cef_time_delta [0x122AD816+34855382]
	cef_time_delta [0x122AD7BF+34855295]
	cef_time_delta [0x122AD31A+34854106]
	cef_time_delta [0x122AC921+34851553]
	cef_browser_host_create_browser [0x100B0145+697875]
	cef_browser_host_create_browser [0x100AFAA4+696178]
	cef_browser_host_create_browser [0x100AEA0F+691933]
	cef_browser_host_create_browser [0x1000ACC5+20883]
	CefShutdown [0x000C683C+12] (e:\downloadlibs\cef_binary_3.1650.1562_windows32\libcef_dll\wrapper\libcef_dll_wrapper.cc:164)
	CWUWebApp::Run [0x000BAECB+795] (e:\projects\webuiframework\webuiapplication\wuwebapp.cpp:45)
	Run [0x000AED91+209] (e:\projects\webuiframework\webuiapplication\webuiapplication.cpp:72)
	wWinMain [0x000AEE43+51] (e:\projects\webuiframework\webuiapplication\webuiapplication.cpp:91)
	__tmainCRTStartup [0x001543A5+357] (f:\dd\vctools\crt_bld\self_x86\crt\src\crt0.c:263)
	wWinMainCRTStartup [0x0015422F+15] (f:\dd\vctools\crt_bld\self_x86\crt\src\crt0.c:182)
	BaseThreadInitThunk [0x76D3338A+18]
	RtlInitializeExceptionChain [0x77CA9F72+99]
	RtlInitializeExceptionChain [0x77CA9F45+54]

[0225/165042:FATAL:notification_registrar.cc(76)] Check failed: CalledOnValidThread(). 
Backtrace:
	cef_time_delta [0x103416F1+1906865]
	cef_time_delta [0x1029957F+1218367]
	cef_time_delta [0x103D1329+2495721]
	cef_time_delta [0x103D0D26+2494182]
	cef_time_delta [0x1078C946+6408966]
	cef_time_delta [0x1078C836+6408694]
	cef_time_delta [0x107932AF+6435951]
	cef_time_delta [0x10791B66+6429990]
	cef_time_delta [0x1032C2B7+1819767]
	cef_time_delta [0x1032C278+1819704]
	cef_time_delta [0x1032C245+1819653]
	cef_time_delta [0x101E937F+496959]
	cef_time_delta [0x1032AB75+1813813]
	cef_time_delta [0x1032A83A+1812986]
	cef_time_delta [0x122AD856+34855446]
	cef_time_delta [0x122AD816+34855382]
	cef_time_delta [0x122AD7BF+34855295]
	cef_time_delta [0x122AD31A+34854106]
	cef_time_delta [0x122AC921+34851553]
	cef_browser_host_create_browser [0x100B0145+697875]
	cef_browser_host_create_browser [0x100AFAA4+696178]
	cef_browser_host_create_browser [0x100AEA0F+691933]
	cef_browser_host_create_browser [0x1000ACC5+20883]
	CefShutdown [0x000C683C+12] (e:\downloadlibs\cef_binary_3.1650.1562_windows32\libcef_dll\wrapper\libcef_dll_wrapper.cc:164)
	CWUWebApp::Run [0x000BAECB+795] (e:\projects\webuiframework\webuiapplication\wuwebapp.cpp:45)
	Run [0x000AED91+209] (e:\projects\webuiframework\webuiapplication\webuiapplication.cpp:72)
	wWinMain [0x000AEE43+51] (e:\projects\webuiframework\webuiapplication\webuiapplication.cpp:91)
	__tmainCRTStartup [0x001543A5+357] (f:\dd\vctools\crt_bld\self_x86\crt\src\crt0.c:263)
	wWinMainCRTStartup [0x0015422F+15] (f:\dd\vctools\crt_bld\self_x86\crt\src\crt0.c:182)
	BaseThreadInitThunk [0x76D3338A+18]
	RtlInitializeExceptionChain [0x77CA9F72+99]
	RtlInitializeExceptionChain [0x77CA9F45+54]

[0225/165430:ERROR:cookie_monster.cc(1643)] Found 2 duplicate cookies for host='baidu.com', with {name='BD_UPN', domain='www.baidu.com', path='/'}
[0225/165430:ERROR:cookie_monster.cc(1643)] Found 2 duplicate cookies for host='baidu.com', with {name='__bsi', domain='.www.baidu.com', path='/'}
[0225/165431:INFO:CONSOLE(90)] "一张网页，要经历怎样的过程，才能抵达用户面前？
一位新人，要经历怎样的成长，才能站在技术之巅？
探寻这里的秘密；
体验这里的挑战；
成为这里的主人；
加入百度，加入网页搜索，你，可以影响世界。
", source: https://ss1.bdstatic.com/5eN1bjq8AAUYm2zgoY3K/r/www/cache/static/protocol/https/global/js/all_instant_search1_c37a68b8.js (90)
[0225/165431:INFO:CONSOLE(90)] "请将简历发送至 %c ps_recruiter@baidu.com（ 邮件标题请以“姓名-应聘XX职位-来自console”命名）", source: https://ss1.bdstatic.com/5eN1bjq8AAUYm2zgoY3K/r/www/cache/static/protocol/https/global/js/all_instant_search1_c37a68b8.js (90)
[0225/165431:INFO:CONSOLE(90)] "职位介绍：http://dwz.cn/hr2013", source: https://ss1.bdstatic.com/5eN1bjq8AAUYm2zgoY3K/r/www/cache/static/protocol/https/global/js/all_instant_search1_c37a68b8.js (90)
[0225/165431:VERBOSE2:ipc_channel_win.cc(85)] sending message @04F0C3C0 on channel @04980400 with type 196692 (0 in queue)
[0225/165431:VERBOSE2:ipc_channel_win.cc(408)] sent message @04F0C3C0 on channel @04980400 with type 196692
[0225/165431:INFO:CONSOLE(0)] "event.returnValue is deprecated. Please use the standard event.preventDefault() instead.", source:  (0)
[0225/165432:VERBOSE2:ipc_channel_win.cc(85)] sending message @04E5EC60 on channel @04980400 with type 196692 (0 in queue)
[0225/165432:VERBOSE2:ipc_channel_win.cc(408)] sent message @04E5EC60 on channel @04980400 with type 196692
[0225/165446:FATAL:notification_registrar.cc(76)] Check failed: CalledOnValidThread(). 
Backtrace:
	cef_time_delta [0x103416F1+1906865]
	cef_time_delta [0x1029957F+1218367]
	cef_time_delta [0x103D1329+2495721]
	cef_time_delta [0x103D0D26+2494182]
	cef_time_delta [0x1078C946+6408966]
	cef_time_delta [0x1078C836+6408694]
	cef_time_delta [0x107932AF+6435951]
	cef_time_delta [0x10791B66+6429990]
	cef_time_delta [0x1032C2B7+1819767]
	cef_time_delta [0x1032C278+1819704]
	cef_time_delta [0x1032C245+1819653]
	cef_time_delta [0x101E937F+496959]
	cef_time_delta [0x1032AB75+1813813]
	cef_time_delta [0x1032A83A+1812986]
	cef_time_delta [0x122AD856+34855446]
	cef_time_delta [0x122AD816+34855382]
	cef_time_delta [0x122AD7BF+34855295]
	cef_time_delta [0x122AD31A+34854106]
	cef_time_delta [0x122AC921+34851553]
	cef_browser_host_create_browser [0x100B0145+697875]
	cef_browser_host_create_browser [0x100AFAA4+696178]
	cef_browser_host_create_browser [0x100AEA0F+691933]
	cef_browser_host_create_browser [0x1000ACC5+20883]
	CefShutdown [0x0036576C+12] (e:\downloadlibs\cef_binary_3.1650.1562_windows32\libcef_dll\wrapper\libcef_dll_wrapper.cc:164)
	CWUWebApp::Run [0x00359DFB+795] (e:\projects\webuiframework\webuiapplication\wuwebapp.cpp:45)
	Run [0x0034DCC1+209] (e:\projects\webuiframework\webuiapplication\webuiapplication.cpp:72)
	wWinMain [0x0034DD73+51] (e:\projects\webuiframework\webuiapplication\webuiapplication.cpp:91)
	__tmainCRTStartup [0x003F26B5+357] (f:\dd\vctools\crt_bld\self_x86\crt\src\crt0.c:263)
	wWinMainCRTStartup [0x003F253F+15] (f:\dd\vctools\crt_bld\self_x86\crt\src\crt0.c:182)
	BaseThreadInitThunk [0x76D3338A+18]
	RtlInitializeExceptionChain [0x77CA9F72+99]
	RtlInitializeExceptionChain [0x77CA9F45+54]

[0225/172337:ERROR:renderer_main.cc(207)] Running without renderer sandbox
[0225/172338:ERROR:singleton_hwnd.cc(43)] Cannot create windows on non-UI thread!
[0225/172339:INFO:CONSOLE(90)] "一张网页，要经历怎样的过程，才能抵达用户面前？
一位新人，要经历怎样的成长，才能站在技术之巅？
探寻这里的秘密；
体验这里的挑战；
成为这里的主人；
加入百度，加入网页搜索，你，可以影响世界。
", source: https://ss1.bdstatic.com/5eN1bjq8AAUYm2zgoY3K/r/www/cache/static/protocol/https/global/js/all_instant_search1_c37a68b8.js (90)
[0225/172339:INFO:CONSOLE(90)] "请将简历发送至 %c ps_recruiter@baidu.com（ 邮件标题请以“姓名-应聘XX职位-来自console”命名）", source: https://ss1.bdstatic.com/5eN1bjq8AAUYm2zgoY3K/r/www/cache/static/protocol/https/global/js/all_instant_search1_c37a68b8.js (90)
[0225/172339:INFO:CONSOLE(90)] "职位介绍：http://dwz.cn/hr2013", source: https://ss1.bdstatic.com/5eN1bjq8AAUYm2zgoY3K/r/www/cache/static/protocol/https/global/js/all_instant_search1_c37a68b8.js (90)
[0225/172340:ERROR:renderer_main.cc(207)] Running without renderer sandbox
[0225/172340:INFO:scheme_impl.cc(293)] CefUrlRequestManager hit for chrome-devtools://devtools/devtools.html
[0225/172340:INFO:scheme_impl.cc(293)] CefUrlRequestManager hit for chrome-devtools://devtools/devtools.css
[0225/172340:INFO:scheme_impl.cc(293)] CefUrlRequestManager hit for chrome-devtools://devtools/devtools.js
[0225/172341:VERBOSE2:ipc_channel_win.cc(464)] sent message @06BD1FA0 on channel @06C1F600 with type 65535
[0225/172341:VERBOSE2:ipc_channel_win.cc(115)] sending message @06C696C0 on channel @06C1F600 with type 262229 (0 in queue)
[0225/172341:VERBOSE2:ipc_channel_win.cc(464)] sent message @06C696C0 on channel @06C1F600 with type 262229
[0225/172341:VERBOSE2:ipc_channel_win.cc(115)] sending message @0240AD20 on channel @06C1F600 with type 262229 (0 in queue)
[0225/172341:VERBOSE2:ipc_channel_win.cc(464)] sent message @0240AD20 on channel @06C1F600 with type 262229
[0225/172341:INFO:scheme_impl.cc(293)] CefUrlRequestManager hit for chrome-devtools://devtools/elements_module.js
[0225/172341:INFO:scheme_impl.cc(293)] CefUrlRequestManager hit for chrome-devtools://devtools/elementsPanel.css
[0225/172341:INFO:scheme_impl.cc(293)] CefUrlRequestManager hit for chrome-devtools://devtools/Images/paneElementStateButtons.png
[0225/172341:INFO:scheme_impl.cc(293)] CefUrlRequestManager hit for chrome-devtools://devtools/Images/paneAddButtons.png
[0225/172341:INFO:scheme_impl.cc(293)] CefUrlRequestManager hit for chrome-devtools://devtools/Images/statusbarButtonGlyphs.png
[0225/172341:INFO:scheme_impl.cc(293)] CefUrlRequestManager hit for chrome-devtools://devtools/Images/toolbarItemSelected.png
[0225/172342:ERROR:singleton_hwnd.cc(43)] Cannot create windows on non-UI thread!
[0225/172343:INFO:scheme_impl.cc(293)] CefUrlRequestManager hit for chrome-devtools://devtools/Images/checker.png
[0225/172343:WARNING:message_in_transit_queue.cc(18)] Destroying nonempty message queue
[0225/172343:WARNING:message_in_transit_queue.cc(18)] Destroying nonempty message queue
[0225/172514:ERROR:renderer_main.cc(207)] Running without renderer sandbox
[0225/172515:ERROR:singleton_hwnd.cc(43)] Cannot create windows on non-UI thread!
[0225/172515:INFO:CONSOLE(90)] "一张网页，要经历怎样的过程，才能抵达用户面前？
一位新人，要经历怎样的成长，才能站在技术之巅？
探寻这里的秘密；
体验这里的挑战；
成为这里的主人；
加入百度，加入网页搜索，你，可以影响世界。
", source: https://ss1.bdstatic.com/5eN1bjq8AAUYm2zgoY3K/r/www/cache/static/protocol/https/global/js/all_instant_search1_c37a68b8.js (90)
[0225/172515:INFO:CONSOLE(90)] "请将简历发送至 %c ps_recruiter@baidu.com（ 邮件标题请以“姓名-应聘XX职位-来自console”命名）", source: https://ss1.bdstatic.com/5eN1bjq8AAUYm2zgoY3K/r/www/cache/static/protocol/https/global/js/all_instant_search1_c37a68b8.js (90)
[0225/172515:INFO:CONSOLE(90)] "职位介绍：http://dwz.cn/hr2013", source: https://ss1.bdstatic.com/5eN1bjq8AAUYm2zgoY3K/r/www/cache/static/protocol/https/global/js/all_instant_search1_c37a68b8.js (90)
[0225/172516:VERBOSE2:ipc_channel_win.cc(464)] sent message @06E7B320 on channel @0A34C000 with type 65535
[0225/172516:VERBOSE2:ipc_channel_win.cc(115)] sending message @00557AE0 on channel @0A34C000 with type 262229 (0 in queue)
[0225/172516:VERBOSE2:ipc_channel_win.cc(464)] sent message @00557AE0 on channel @0A34C000 with type 262229
[0225/172516:VERBOSE2:ipc_channel_win.cc(115)] sending message @005579C0 on channel @0A34C000 with type 262229 (0 in queue)
[0225/172516:VERBOSE2:ipc_channel_win.cc(464)] sent message @005579C0 on channel @0A34C000 with type 262229
[0225/172516:WARNING:message_in_transit_queue.cc(18)] Destroying nonempty message queue
[0226/094635:ERROR:renderer_main.cc(207)] Running without renderer sandbox
[0226/094637:ERROR:singleton_hwnd.cc(43)] Cannot create windows on non-UI thread!
[0226/094638:INFO:CONSOLE(90)] "一张网页，要经历怎样的过程，才能抵达用户面前？
一位新人，要经历怎样的成长，才能站在技术之巅？
探寻这里的秘密；
体验这里的挑战；
成为这里的主人；
加入百度，加入网页搜索，你，可以影响世界。
", source: http://s1.bdstatic.com/r/www/cache/static/global/js/all_instant_search1_c37a68b8.js (90)
[0226/094638:INFO:CONSOLE(90)] "请将简历发送至 %c ps_recruiter@baidu.com（ 邮件标题请以“姓名-应聘XX职位-来自console”命名）", source: http://s1.bdstatic.com/r/www/cache/static/global/js/all_instant_search1_c37a68b8.js (90)
[0226/094638:INFO:CONSOLE(90)] "职位介绍：http://dwz.cn/hr2013", source: http://s1.bdstatic.com/r/www/cache/static/global/js/all_instant_search1_c37a68b8.js (90)
[0226/094639:VERBOSE2:ipc_channel_win.cc(464)] sent message @07599820 on channel @075A3200 with type 65535
[0226/094639:VERBOSE2:ipc_channel_win.cc(115)] sending message @00589660 on channel @075A3200 with type 262229 (0 in queue)
[0226/094639:VERBOSE2:ipc_channel_win.cc(464)] sent message @00589660 on channel @075A3200 with type 262229
[0226/094639:VERBOSE2:ipc_channel_win.cc(115)] sending message @005898A0 on channel @075A3200 with type 262229 (0 in queue)
[0226/094639:VERBOSE2:ipc_channel_win.cc(464)] sent message @005898A0 on channel @075A3200 with type 262229
[0226/094642:ERROR:renderer_main.cc(207)] Running without renderer sandbox
[0226/094642:INFO:scheme_impl.cc(293)] CefUrlRequestManager hit for chrome-devtools://devtools/devtools.html
[0226/094642:INFO:scheme_impl.cc(293)] CefUrlRequestManager hit for chrome-devtools://devtools/devtools.css
[0226/094642:INFO:scheme_impl.cc(293)] CefUrlRequestManager hit for chrome-devtools://devtools/devtools.js
[0226/094642:INFO:scheme_impl.cc(293)] CefUrlRequestManager hit for chrome-devtools://devtools/elements_module.js
[0226/094642:INFO:scheme_impl.cc(293)] CefUrlRequestManager hit for chrome-devtools://devtools/elementsPanel.css
[0226/094643:INFO:scheme_impl.cc(293)] CefUrlRequestManager hit for chrome-devtools://devtools/Images/paneElementStateButtons.png
[0226/094643:INFO:scheme_impl.cc(293)] CefUrlRequestManager hit for chrome-devtools://devtools/Images/paneAddButtons.png
[0226/094643:INFO:scheme_impl.cc(293)] CefUrlRequestManager hit for chrome-devtools://devtools/Images/statusbarButtonGlyphs.png
[0226/094643:INFO:scheme_impl.cc(293)] CefUrlRequestManager hit for chrome-devtools://devtools/Images/toolbarItemSelected.png
[0226/094643:INFO:scheme_impl.cc(293)] CefUrlRequestManager hit for chrome-devtools://devtools/Images/checker.png
[0226/094643:ERROR:singleton_hwnd.cc(43)] Cannot create windows on non-UI thread!
[0226/094644:WARNING:message_in_transit_queue.cc(18)] Destroying nonempty message queue
[0226/094644:WARNING:message_in_transit_queue.cc(18)] Destroying nonempty message queue
